150918 163516.153|CONFIG|Thread-5|setFileHandlers|Now logging to D:\CONTEST2015\pc2-9.2.4\bin\logs directory.
150918 163516.153|INFO|Thread-5|info|
150918 163516.153|INFO|Thread-5|info|Version 9.2.4 20140920 (Saturday, September 20th 2014 00:52 UTC) Java ver 1.8.0_60 build 2837 Windows 7 6.1 (x86) 
150918 163516.153|INFO|Thread-5|info|Login: team1 (aka team1)
150918 163516.153|INFO|Thread-5|startLog|Working directory is D:\CONTEST2015\pc2-9.2.4\bin
150918 163516.154|INFO|Thread-5|startLog|Process id is 2820@Student-PC
150918 163516.154|INFO|Thread-5|info|Attempting to load UI class edu.csus.ecs.pc2.ui.team.TeamView
150918 163516.159|INFO|Thread-5|info|Loaded UI class edu.csus.ecs.pc2.ui.team.TeamView
150918 163516.289|INFO|Thread-5|info| handlePacket original LOGIN_SUCCESS after -- all settings loaded 
150918 163516.292|INFO|Thread-5|info|handlePacket end Packet[LOGIN_SUCCESS] #89 SERVER0 @ site 1 -> TEAM1 @ site 1
150918 163516.292|INFO|Thread-5|info| receiveObject(S) end   got Packet[LOGIN_SUCCESS] #89 SERVER0 @ site 1 -> TEAM1 @ site 1
150918 163723.233|INFO|Thread-6|info| receiveObject(S) start got Packet[CLOCK_STARTED] #102 SERVER0 @ site 1 -> SERVER0 @ site 0
150918 163723.234|INFO|Thread-6|dumpPacket|Packet CLOCK_STARTED (Seq #102 ) recieveObject
150918 163723.235|INFO|Thread-6|dumpPacket|  From: SERVER0 @ site 1 (dd-PC @ 172.16.107.17) (Contest Id: Default-2794034061787222006)
150918 163723.235|INFO|Thread-6|dumpPacket|    To: SERVER0 @ site 0
150918 163723.235|INFO|Thread-6|dumpPacket|   key: CLIENT_ID is: edu.csus.ecs.pc2.core.model.ClientId ADMINISTRATOR1 @ site 1
150918 163723.235|INFO|Thread-6|dumpPacket|   key: SITE_NUMBER is: java.lang.Integer 1
150918 163723.236|INFO|Thread-6|dumpPacket|   key: SERVER_CLOCK_OFFSET is: java.util.GregorianCalendar java.util.GregorianCalendar[time=1442323678025,areFieldsSet=true,areAllFieldsSet=false,lenient=true,zone=sun.util.calendar.ZoneInfo[id="GMT",offset=0,dstSavings=0,useDaylight=false,transitions=0,lastRule=null],firstDayOfWeek=1,minimalDaysInFirstWeek=1,ERA=1,YEAR=2015,MONTH=8,WEEK_OF_YEAR=38,WEEK_OF_MONTH=3,DAY_OF_MONTH=15,DAY_OF_YEAR=258,DAY_OF_WEEK=3,DAY_OF_WEEK_IN_MONTH=3,AM_PM=1,HOUR=1,HOUR_OF_DAY=13,MINUTE=27,SECOND=58,MILLISECOND=25,ZONE_OFFSET=0,DST_OFFSET=0]
150918 163723.236|INFO|Thread-6|info|handlePacket start Packet[CLOCK_STARTED] #102 SERVER0 @ site 1 -> SERVER0 @ site 0
150918 163723.236|INFO|Thread-6|dumpPacket|Packet CLOCK_STARTED (Seq #102 ) handlePacket
150918 163723.237|INFO|Thread-6|dumpPacket|  From: SERVER0 @ site 1 (dd-PC @ 172.16.107.17) (Contest Id: Default-2794034061787222006)
150918 163723.237|INFO|Thread-6|dumpPacket|    To: SERVER0 @ site 0
150918 163723.237|INFO|Thread-6|dumpPacket|   key: CLIENT_ID is: edu.csus.ecs.pc2.core.model.ClientId ADMINISTRATOR1 @ site 1
150918 163723.237|INFO|Thread-6|dumpPacket|   key: SITE_NUMBER is: java.lang.Integer 1
150918 163723.238|INFO|Thread-6|dumpPacket|   key: SERVER_CLOCK_OFFSET is: java.util.GregorianCalendar java.util.GregorianCalendar[time=1442323678025,areFieldsSet=true,areAllFieldsSet=false,lenient=true,zone=sun.util.calendar.ZoneInfo[id="GMT",offset=0,dstSavings=0,useDaylight=false,transitions=0,lastRule=null],firstDayOfWeek=1,minimalDaysInFirstWeek=1,ERA=1,YEAR=2015,MONTH=8,WEEK_OF_YEAR=38,WEEK_OF_MONTH=3,DAY_OF_MONTH=15,DAY_OF_YEAR=258,DAY_OF_WEEK=3,DAY_OF_WEEK_IN_MONTH=3,AM_PM=1,HOUR=1,HOUR_OF_DAY=13,MINUTE=27,SECOND=58,MILLISECOND=25,ZONE_OFFSET=0,DST_OFFSET=0]
150918 163723.250|INFO|Thread-6|contestStarted|debug ContestTime site 1 STARTED 0:00:00
150918 163723.252|INFO|Thread-6|info|Clock for site 1 started by ADMINISTRATOR1 @ site 1 elapsed 0:00:00
150918 163723.253|INFO|Thread-6|info| receiveObject(S) end   got Packet[CLOCK_STARTED] #102 SERVER0 @ site 1 -> SERVER0 @ site 0
150918 163738.061|INFO|Thread-7|info| receiveObject(S) start got Packet[CLOCK_STOPPED] #105 SERVER0 @ site 1 -> SERVER0 @ site 0
150918 163738.061|INFO|Thread-7|dumpPacket|Packet CLOCK_STOPPED (Seq #105 ) recieveObject
150918 163738.061|INFO|Thread-7|dumpPacket|  From: SERVER0 @ site 1 (dd-PC @ 172.16.107.17) (Contest Id: Default-2794034061787222006)
150918 163738.061|INFO|Thread-7|dumpPacket|    To: SERVER0 @ site 0
150918 163738.062|INFO|Thread-7|dumpPacket|   key: SITE_NUMBER is: java.lang.Integer 1
150918 163738.063|INFO|Thread-7|dumpPacket|   key: CLIENT_ID is: edu.csus.ecs.pc2.core.model.ClientId ADMINISTRATOR1 @ site 1
150918 163738.063|INFO|Thread-7|info|handlePacket start Packet[CLOCK_STOPPED] #105 SERVER0 @ site 1 -> SERVER0 @ site 0
150918 163738.063|INFO|Thread-7|dumpPacket|Packet CLOCK_STOPPED (Seq #105 ) handlePacket
150918 163738.063|INFO|Thread-7|dumpPacket|  From: SERVER0 @ site 1 (dd-PC @ 172.16.107.17) (Contest Id: Default-2794034061787222006)
150918 163738.064|INFO|Thread-7|dumpPacket|    To: SERVER0 @ site 0
150918 163738.064|INFO|Thread-7|dumpPacket|   key: SITE_NUMBER is: java.lang.Integer 1
150918 163738.064|INFO|Thread-7|dumpPacket|   key: CLIENT_ID is: edu.csus.ecs.pc2.core.model.ClientId ADMINISTRATOR1 @ site 1
150918 163738.070|INFO|Thread-7|contestStopped|debug ContestTime site 1 STOPPED 0:00:14
150918 163738.071|INFO|Thread-7|info|Clock for site 1 stopped by ADMINISTRATOR1 @ site 1 elapsed 0:00:14
150918 163738.071|INFO|Thread-7|info| receiveObject(S) end   got Packet[CLOCK_STOPPED] #105 SERVER0 @ site 1 -> SERVER0 @ site 0
150918 163742.361|INFO|Thread-8|info| receiveObject(S) start got Packet[CLOCK_STARTED] #106 SERVER0 @ site 1 -> SERVER0 @ site 0
150918 163742.362|INFO|Thread-8|dumpPacket|Packet CLOCK_STARTED (Seq #106 ) recieveObject
150918 163742.362|INFO|Thread-8|dumpPacket|  From: SERVER0 @ site 1 (dd-PC @ 172.16.107.17) (Contest Id: Default-2794034061787222006)
150918 163742.362|INFO|Thread-8|dumpPacket|    To: SERVER0 @ site 0
150918 163742.362|INFO|Thread-8|dumpPacket|   key: CLIENT_ID is: edu.csus.ecs.pc2.core.model.ClientId ADMINISTRATOR1 @ site 1
150918 163742.363|INFO|Thread-8|dumpPacket|   key: SITE_NUMBER is: java.lang.Integer 1
150918 163742.364|INFO|Thread-8|dumpPacket|   key: SERVER_CLOCK_OFFSET is: java.util.GregorianCalendar java.util.GregorianCalendar[time=1442323697435,areFieldsSet=true,areAllFieldsSet=false,lenient=true,zone=sun.util.calendar.ZoneInfo[id="GMT",offset=0,dstSavings=0,useDaylight=false,transitions=0,lastRule=null],firstDayOfWeek=1,minimalDaysInFirstWeek=1,ERA=1,YEAR=2015,MONTH=8,WEEK_OF_YEAR=38,WEEK_OF_MONTH=3,DAY_OF_MONTH=15,DAY_OF_YEAR=258,DAY_OF_WEEK=3,DAY_OF_WEEK_IN_MONTH=3,AM_PM=1,HOUR=1,HOUR_OF_DAY=13,MINUTE=28,SECOND=17,MILLISECOND=435,ZONE_OFFSET=0,DST_OFFSET=0]
150918 163742.364|INFO|Thread-8|info|handlePacket start Packet[CLOCK_STARTED] #106 SERVER0 @ site 1 -> SERVER0 @ site 0
150918 163742.364|INFO|Thread-8|dumpPacket|Packet CLOCK_STARTED (Seq #106 ) handlePacket
150918 163742.364|INFO|Thread-8|dumpPacket|  From: SERVER0 @ site 1 (dd-PC @ 172.16.107.17) (Contest Id: Default-2794034061787222006)
150918 163742.365|INFO|Thread-8|dumpPacket|    To: SERVER0 @ site 0
150918 163742.365|INFO|Thread-8|dumpPacket|   key: CLIENT_ID is: edu.csus.ecs.pc2.core.model.ClientId ADMINISTRATOR1 @ site 1
150918 163742.365|INFO|Thread-8|dumpPacket|   key: SITE_NUMBER is: java.lang.Integer 1
150918 163742.365|INFO|Thread-8|dumpPacket|   key: SERVER_CLOCK_OFFSET is: java.util.GregorianCalendar java.util.GregorianCalendar[time=1442323697435,areFieldsSet=true,areAllFieldsSet=false,lenient=true,zone=sun.util.calendar.ZoneInfo[id="GMT",offset=0,dstSavings=0,useDaylight=false,transitions=0,lastRule=null],firstDayOfWeek=1,minimalDaysInFirstWeek=1,ERA=1,YEAR=2015,MONTH=8,WEEK_OF_YEAR=38,WEEK_OF_MONTH=3,DAY_OF_MONTH=15,DAY_OF_YEAR=258,DAY_OF_WEEK=3,DAY_OF_WEEK_IN_MONTH=3,AM_PM=1,HOUR=1,HOUR_OF_DAY=13,MINUTE=28,SECOND=17,MILLISECOND=435,ZONE_OFFSET=0,DST_OFFSET=0]
150918 163742.367|INFO|Thread-8|contestStarted|debug ContestTime site 1 STARTED 0:00:14
150918 163742.368|INFO|Thread-8|info|Clock for site 1 started by ADMINISTRATOR1 @ site 1 elapsed 0:00:14
150918 163742.368|INFO|Thread-8|info| receiveObject(S) end   got Packet[CLOCK_STARTED] #106 SERVER0 @ site 1 -> SERVER0 @ site 0
150918 163838.195|INFO|Thread-9|info| receiveObject(S) start got Packet[ADD_SETTING] #116 SERVER0 @ site 1 -> SERVER0 @ site 0
150918 163838.196|INFO|Thread-9|dumpPacket|Packet ADD_SETTING (Seq #116 ) recieveObject
150918 163838.196|INFO|Thread-9|dumpPacket|  From: SERVER0 @ site 1 (dd-PC @ 172.16.107.17) (Contest Id: Default-2794034061787222006)
150918 163838.196|INFO|Thread-9|dumpPacket|    To: SERVER0 @ site 0
150918 163838.196|INFO|Thread-9|dumpPacket|   key: LANGUAGE is: edu.csus.ecs.pc2.core.model.Language GNU C++
150918 163838.197|INFO|Thread-9|info|handlePacket start Packet[ADD_SETTING] #116 SERVER0 @ site 1 -> SERVER0 @ site 0
150918 163838.197|INFO|Thread-9|dumpPacket|Packet ADD_SETTING (Seq #116 ) handlePacket
150918 163838.197|INFO|Thread-9|dumpPacket|  From: SERVER0 @ site 1 (dd-PC @ 172.16.107.17) (Contest Id: Default-2794034061787222006)
150918 163838.197|INFO|Thread-9|dumpPacket|    To: SERVER0 @ site 0
150918 163838.198|INFO|Thread-9|dumpPacket|   key: LANGUAGE is: edu.csus.ecs.pc2.core.model.Language GNU C++
150918 163838.199|INFO|Thread-9|info|handlePacket end Packet[ADD_SETTING] #116 SERVER0 @ site 1 -> SERVER0 @ site 0
150918 163838.200|INFO|Thread-9|info| receiveObject(S) end   got Packet[ADD_SETTING] #116 SERVER0 @ site 1 -> SERVER0 @ site 0
150918 163842.583|INFO|Thread-10|info| receiveObject(S) start got Packet[ADD_SETTING] #117 SERVER0 @ site 1 -> SERVER0 @ site 0
150918 163842.584|INFO|Thread-10|dumpPacket|Packet ADD_SETTING (Seq #117 ) recieveObject
150918 163842.584|INFO|Thread-10|dumpPacket|  From: SERVER0 @ site 1 (dd-PC @ 172.16.107.17) (Contest Id: Default-2794034061787222006)
150918 163842.584|INFO|Thread-10|dumpPacket|    To: SERVER0 @ site 0
150918 163842.584|INFO|Thread-10|dumpPacket|   key: LANGUAGE is: edu.csus.ecs.pc2.core.model.Language Java
150918 163842.584|INFO|Thread-10|info|handlePacket start Packet[ADD_SETTING] #117 SERVER0 @ site 1 -> SERVER0 @ site 0
150918 163842.585|INFO|Thread-10|dumpPacket|Packet ADD_SETTING (Seq #117 ) handlePacket
150918 163842.585|INFO|Thread-10|dumpPacket|  From: SERVER0 @ site 1 (dd-PC @ 172.16.107.17) (Contest Id: Default-2794034061787222006)
150918 163842.585|INFO|Thread-10|dumpPacket|    To: SERVER0 @ site 0
150918 163842.585|INFO|Thread-10|dumpPacket|   key: LANGUAGE is: edu.csus.ecs.pc2.core.model.Language Java
150918 163842.586|INFO|Thread-10|info|handlePacket end Packet[ADD_SETTING] #117 SERVER0 @ site 1 -> SERVER0 @ site 0
150918 163842.586|INFO|Thread-10|info| receiveObject(S) end   got Packet[ADD_SETTING] #117 SERVER0 @ site 1 -> SERVER0 @ site 0
150918 163848.798|INFO|Thread-11|info| receiveObject(S) start got Packet[ADD_SETTING] #118 SERVER0 @ site 1 -> SERVER0 @ site 0
150918 163848.799|INFO|Thread-11|dumpPacket|Packet ADD_SETTING (Seq #118 ) recieveObject
150918 163848.799|INFO|Thread-11|dumpPacket|  From: SERVER0 @ site 1 (dd-PC @ 172.16.107.17) (Contest Id: Default-2794034061787222006)
150918 163848.799|INFO|Thread-11|dumpPacket|    To: SERVER0 @ site 0
150918 163848.799|INFO|Thread-11|dumpPacket|   key: LANGUAGE is: edu.csus.ecs.pc2.core.model.Language GNU C
150918 163848.800|INFO|Thread-11|info|handlePacket start Packet[ADD_SETTING] #118 SERVER0 @ site 1 -> SERVER0 @ site 0
150918 163848.800|INFO|Thread-11|dumpPacket|Packet ADD_SETTING (Seq #118 ) handlePacket
150918 163848.800|INFO|Thread-11|dumpPacket|  From: SERVER0 @ site 1 (dd-PC @ 172.16.107.17) (Contest Id: Default-2794034061787222006)
150918 163848.801|INFO|Thread-11|dumpPacket|    To: SERVER0 @ site 0
150918 163848.801|INFO|Thread-11|dumpPacket|   key: LANGUAGE is: edu.csus.ecs.pc2.core.model.Language GNU C
150918 163848.801|INFO|Thread-11|info|handlePacket end Packet[ADD_SETTING] #118 SERVER0 @ site 1 -> SERVER0 @ site 0
150918 163848.801|INFO|Thread-11|info| receiveObject(S) end   got Packet[ADD_SETTING] #118 SERVER0 @ site 1 -> SERVER0 @ site 0
150918 163928.929|INFO|Thread-12|info| receiveObject(S) start got Packet[UPDATE_SETTING] #119 SERVER0 @ site 1 -> SERVER0 @ site 0
150918 163928.930|INFO|Thread-12|dumpPacket|Packet UPDATE_SETTING (Seq #119 ) recieveObject
150918 163928.930|INFO|Thread-12|dumpPacket|  From: SERVER0 @ site 1 (dd-PC @ 172.16.107.17) (Contest Id: Default-2794034061787222006)
150918 163928.931|INFO|Thread-12|dumpPacket|    To: SERVER0 @ site 0
150918 163928.932|INFO|Thread-12|dumpPacket|   key: LANGUAGE is: edu.csus.ecs.pc2.core.model.Language GNU 
150918 163928.932|INFO|Thread-12|info|handlePacket start Packet[UPDATE_SETTING] #119 SERVER0 @ site 1 -> SERVER0 @ site 0
150918 163928.933|INFO|Thread-12|dumpPacket|Packet UPDATE_SETTING (Seq #119 ) handlePacket
150918 163928.933|INFO|Thread-12|dumpPacket|  From: SERVER0 @ site 1 (dd-PC @ 172.16.107.17) (Contest Id: Default-2794034061787222006)
150918 163928.934|INFO|Thread-12|dumpPacket|    To: SERVER0 @ site 0
150918 163928.935|INFO|Thread-12|dumpPacket|   key: LANGUAGE is: edu.csus.ecs.pc2.core.model.Language GNU 
150918 163928.941|INFO|Thread-12|info|handlePacket end Packet[UPDATE_SETTING] #119 SERVER0 @ site 1 -> SERVER0 @ site 0
150918 163928.942|INFO|Thread-12|info| receiveObject(S) end   got Packet[UPDATE_SETTING] #119 SERVER0 @ site 1 -> SERVER0 @ site 0
150918 163940.372|INFO|Thread-13|info| receiveObject(S) start got Packet[UPDATE_SETTING] #120 SERVER0 @ site 1 -> SERVER0 @ site 0
150918 163940.372|INFO|Thread-13|dumpPacket|Packet UPDATE_SETTING (Seq #120 ) recieveObject
150918 163940.372|INFO|Thread-13|dumpPacket|  From: SERVER0 @ site 1 (dd-PC @ 172.16.107.17) (Contest Id: Default-2794034061787222006)
150918 163940.372|INFO|Thread-13|dumpPacket|    To: SERVER0 @ site 0
150918 163940.372|INFO|Thread-13|dumpPacket|   key: LANGUAGE is: edu.csus.ecs.pc2.core.model.Language C++
150918 163940.373|INFO|Thread-13|info|handlePacket start Packet[UPDATE_SETTING] #120 SERVER0 @ site 1 -> SERVER0 @ site 0
150918 163940.373|INFO|Thread-13|dumpPacket|Packet UPDATE_SETTING (Seq #120 ) handlePacket
150918 163940.373|INFO|Thread-13|dumpPacket|  From: SERVER0 @ site 1 (dd-PC @ 172.16.107.17) (Contest Id: Default-2794034061787222006)
150918 163940.373|INFO|Thread-13|dumpPacket|    To: SERVER0 @ site 0
150918 163940.373|INFO|Thread-13|dumpPacket|   key: LANGUAGE is: edu.csus.ecs.pc2.core.model.Language C++
150918 163940.374|INFO|Thread-13|info|handlePacket end Packet[UPDATE_SETTING] #120 SERVER0 @ site 1 -> SERVER0 @ site 0
150918 163940.374|INFO|Thread-13|info| receiveObject(S) end   got Packet[UPDATE_SETTING] #120 SERVER0 @ site 1 -> SERVER0 @ site 0
150918 163947.973|INFO|Thread-14|info| receiveObject(S) start got Packet[UPDATE_SETTING] #121 SERVER0 @ site 1 -> SERVER0 @ site 0
150918 163947.974|INFO|Thread-14|dumpPacket|Packet UPDATE_SETTING (Seq #121 ) recieveObject
150918 163947.975|INFO|Thread-14|dumpPacket|  From: SERVER0 @ site 1 (dd-PC @ 172.16.107.17) (Contest Id: Default-2794034061787222006)
150918 163947.975|INFO|Thread-14|dumpPacket|    To: SERVER0 @ site 0
150918 163947.976|INFO|Thread-14|dumpPacket|   key: LANGUAGE is: edu.csus.ecs.pc2.core.model.Language C
150918 163947.976|INFO|Thread-14|info|handlePacket start Packet[UPDATE_SETTING] #121 SERVER0 @ site 1 -> SERVER0 @ site 0
150918 163947.976|INFO|Thread-14|dumpPacket|Packet UPDATE_SETTING (Seq #121 ) handlePacket
150918 163947.976|INFO|Thread-14|dumpPacket|  From: SERVER0 @ site 1 (dd-PC @ 172.16.107.17) (Contest Id: Default-2794034061787222006)
150918 163947.976|INFO|Thread-14|dumpPacket|    To: SERVER0 @ site 0
150918 163947.977|INFO|Thread-14|dumpPacket|   key: LANGUAGE is: edu.csus.ecs.pc2.core.model.Language C
150918 163947.977|INFO|Thread-14|info|handlePacket end Packet[UPDATE_SETTING] #121 SERVER0 @ site 1 -> SERVER0 @ site 0
150918 163947.977|INFO|Thread-14|info| receiveObject(S) end   got Packet[UPDATE_SETTING] #121 SERVER0 @ site 1 -> SERVER0 @ site 0
150918 164008.549|INFO|Thread-15|info| receiveObject(S) start got Packet[ADD_SETTING] #123 SERVER0 @ site 1 -> SERVER0 @ site 0
150918 164008.549|INFO|Thread-15|dumpPacket|Packet ADD_SETTING (Seq #123 ) recieveObject
150918 164008.550|INFO|Thread-15|dumpPacket|  From: SERVER0 @ site 1 (dd-PC @ 172.16.107.17) (Contest Id: Default-2794034061787222006)
150918 164008.550|INFO|Thread-15|dumpPacket|    To: SERVER0 @ site 0
150918 164008.550|INFO|Thread-15|dumpPacket|   key: PROBLEM is: edu.csus.ecs.pc2.core.model.Problem Superman
150918 164008.550|INFO|Thread-15|info|handlePacket start Packet[ADD_SETTING] #123 SERVER0 @ site 1 -> SERVER0 @ site 0
150918 164008.550|INFO|Thread-15|dumpPacket|Packet ADD_SETTING (Seq #123 ) handlePacket
150918 164008.551|INFO|Thread-15|dumpPacket|  From: SERVER0 @ site 1 (dd-PC @ 172.16.107.17) (Contest Id: Default-2794034061787222006)
150918 164008.551|INFO|Thread-15|dumpPacket|    To: SERVER0 @ site 0
150918 164008.551|INFO|Thread-15|dumpPacket|   key: PROBLEM is: edu.csus.ecs.pc2.core.model.Problem Superman
150918 164008.553|INFO|Thread-15|info|handlePacket end Packet[ADD_SETTING] #123 SERVER0 @ site 1 -> SERVER0 @ site 0
150918 164008.553|INFO|Thread-15|info| receiveObject(S) end   got Packet[ADD_SETTING] #123 SERVER0 @ site 1 -> SERVER0 @ site 0
150918 164015.161|INFO|Thread-16|info| receiveObject(S) start got Packet[ADD_SETTING] #125 SERVER0 @ site 1 -> SERVER0 @ site 0
150918 164015.161|INFO|Thread-16|dumpPacket|Packet ADD_SETTING (Seq #125 ) recieveObject
150918 164015.161|INFO|Thread-16|dumpPacket|  From: SERVER0 @ site 1 (dd-PC @ 172.16.107.17) (Contest Id: Default-2794034061787222006)
150918 164015.162|INFO|Thread-16|dumpPacket|    To: SERVER0 @ site 0
150918 164015.163|INFO|Thread-16|dumpPacket|   key: PROBLEM is: edu.csus.ecs.pc2.core.model.Problem Batman
150918 164015.163|INFO|Thread-16|info|handlePacket start Packet[ADD_SETTING] #125 SERVER0 @ site 1 -> SERVER0 @ site 0
150918 164015.163|INFO|Thread-16|dumpPacket|Packet ADD_SETTING (Seq #125 ) handlePacket
150918 164015.163|INFO|Thread-16|dumpPacket|  From: SERVER0 @ site 1 (dd-PC @ 172.16.107.17) (Contest Id: Default-2794034061787222006)
150918 164015.164|INFO|Thread-16|dumpPacket|    To: SERVER0 @ site 0
150918 164015.164|INFO|Thread-16|dumpPacket|   key: PROBLEM is: edu.csus.ecs.pc2.core.model.Problem Batman
150918 164015.164|INFO|Thread-16|info|handlePacket end Packet[ADD_SETTING] #125 SERVER0 @ site 1 -> SERVER0 @ site 0
150918 164015.164|INFO|Thread-16|info| receiveObject(S) end   got Packet[ADD_SETTING] #125 SERVER0 @ site 1 -> SERVER0 @ site 0
150918 164129.328|INFO|AWT-EventQueue-0|testOrSubmitRun|submitRun for Superman C++ file: D:\Sample\main.cpp
150918 164129.332|INFO|AWT-EventQueue-0|sendToLocalServer|Sending packet to server Packet[RUN_SUBMISSION] #2 TEAM1 @ site 1 -> SERVER0 @ site 1
150918 164129.333|INFO|AWT-EventQueue-0|sendToLocalServer|Sent    packet to server Packet[RUN_SUBMISSION] #2 TEAM1 @ site 1 -> SERVER0 @ site 1
150918 164129.858|INFO|Thread-19|info| receiveObject(S) start got Packet[RUN_SUBMISSION_CONFIRM] #132 SERVER0 @ site 1 -> TEAM1 @ site 1
150918 164129.858|INFO|Thread-19|dumpPacket|Packet RUN_SUBMISSION_CONFIRM (Seq #132 ) recieveObject
150918 164129.859|INFO|Thread-19|dumpPacket|  From: SERVER0 @ site 1 (dd-PC @ 172.16.107.17) (Contest Id: Default-2794034061787222006)
150918 164129.859|INFO|Thread-19|dumpPacket|    To: TEAM1 @ site 1
150918 164129.859|INFO|Thread-19|dumpPacket|   key: RUN is: edu.csus.ecs.pc2.core.model.Run Run 4 NEW242389 ms from TEAM1 @ site 1 id Run--5907841621265948398
150918 164129.859|INFO|Thread-19|info|handlePacket start Packet[RUN_SUBMISSION_CONFIRM] #132 SERVER0 @ site 1 -> TEAM1 @ site 1
150918 164129.859|INFO|Thread-19|dumpPacket|Packet RUN_SUBMISSION_CONFIRM (Seq #132 ) handlePacket
150918 164129.860|INFO|Thread-19|dumpPacket|  From: SERVER0 @ site 1 (dd-PC @ 172.16.107.17) (Contest Id: Default-2794034061787222006)
150918 164129.860|INFO|Thread-19|dumpPacket|    To: TEAM1 @ site 1
150918 164129.860|INFO|Thread-19|dumpPacket|   key: RUN is: edu.csus.ecs.pc2.core.model.Run Run 4 NEW242389 ms from TEAM1 @ site 1 id Run--5907841621265948398
150918 164131.136|INFO|Thread-19|info| receiveObject(S) end   got Packet[RUN_SUBMISSION_CONFIRM] #132 SERVER0 @ site 1 -> TEAM1 @ site 1
150918 164437.652|INFO|Thread-20|info| receiveObject(S) start got Packet[RUN_JUDGEMENT] #161 SERVER0 @ site 1 -> TEAM1 @ site 1
150918 164437.652|INFO|Thread-20|dumpPacket|Packet RUN_JUDGEMENT (Seq #161 ) recieveObject
150918 164437.652|INFO|Thread-20|dumpPacket|  From: SERVER0 @ site 1 (dd-PC @ 172.16.107.17) (Contest Id: Default-2794034061787222006)
150918 164437.652|INFO|Thread-20|dumpPacket|    To: TEAM1 @ site 1
150918 164437.653|INFO|Thread-20|dumpPacket|   key: CLIENT_ID is: edu.csus.ecs.pc2.core.model.ClientId SERVER0 @ site 1
150918 164437.653|INFO|Thread-20|dumpPacket|   key: JUDGEMENT_RECORD is: edu.csus.ecs.pc2.core.model.JudgementRecord No by JUDGE1 @ site 1 judgement No - Compilation Error-1609324167954780181 id JudgementRecord--7970671142195351492
150918 164437.653|INFO|Thread-20|dumpPacket|   key: RUN is: edu.csus.ecs.pc2.core.model.Run Run 4 JUDGED242389 ms from TEAM1 @ site 1 id Run--5907841621265948398
150918 164437.653|INFO|Thread-20|info|handlePacket start Packet[RUN_JUDGEMENT] #161 SERVER0 @ site 1 -> TEAM1 @ site 1
150918 164437.654|INFO|Thread-20|dumpPacket|Packet RUN_JUDGEMENT (Seq #161 ) handlePacket
150918 164437.654|INFO|Thread-20|dumpPacket|  From: SERVER0 @ site 1 (dd-PC @ 172.16.107.17) (Contest Id: Default-2794034061787222006)
150918 164437.654|INFO|Thread-20|dumpPacket|    To: TEAM1 @ site 1
150918 164437.654|INFO|Thread-20|dumpPacket|   key: CLIENT_ID is: edu.csus.ecs.pc2.core.model.ClientId SERVER0 @ site 1
150918 164437.654|INFO|Thread-20|dumpPacket|   key: JUDGEMENT_RECORD is: edu.csus.ecs.pc2.core.model.JudgementRecord No by JUDGE1 @ site 1 judgement No - Compilation Error-1609324167954780181 id JudgementRecord--7970671142195351492
150918 164437.655|INFO|Thread-20|dumpPacket|   key: RUN is: edu.csus.ecs.pc2.core.model.Run Run 4 JUDGED242389 ms from TEAM1 @ site 1 id Run--5907841621265948398
150918 164442.711|INFO|Thread-20|info| receiveObject(S) end   got Packet[RUN_JUDGEMENT] #161 SERVER0 @ site 1 -> TEAM1 @ site 1
150918 165055.565|INFO|Thread-21|info| receiveObject(S) start got Packet[UPDATE_SETTING] #174 SERVER0 @ site 1 -> SERVER0 @ site 0
150918 165055.566|INFO|Thread-21|dumpPacket|Packet UPDATE_SETTING (Seq #174 ) recieveObject
150918 165055.566|INFO|Thread-21|dumpPacket|  From: SERVER0 @ site 1 (dd-PC @ 172.16.107.17) (Contest Id: Default-2794034061787222006)
150918 165055.566|INFO|Thread-21|dumpPacket|    To: SERVER0 @ site 0
150918 165055.566|INFO|Thread-21|dumpPacket|   key: PROBLEM is: edu.csus.ecs.pc2.core.model.Problem A. Superman
150918 165055.566|INFO|Thread-21|info|handlePacket start Packet[UPDATE_SETTING] #174 SERVER0 @ site 1 -> SERVER0 @ site 0
150918 165055.567|INFO|Thread-21|dumpPacket|Packet UPDATE_SETTING (Seq #174 ) handlePacket
150918 165055.567|INFO|Thread-21|dumpPacket|  From: SERVER0 @ site 1 (dd-PC @ 172.16.107.17) (Contest Id: Default-2794034061787222006)
150918 165055.567|INFO|Thread-21|dumpPacket|    To: SERVER0 @ site 0
150918 165055.567|INFO|Thread-21|dumpPacket|   key: PROBLEM is: edu.csus.ecs.pc2.core.model.Problem A. Superman
150918 165055.569|INFO|Thread-21|info|handlePacket end Packet[UPDATE_SETTING] #174 SERVER0 @ site 1 -> SERVER0 @ site 0
150918 165055.570|INFO|Thread-21|info| receiveObject(S) end   got Packet[UPDATE_SETTING] #174 SERVER0 @ site 1 -> SERVER0 @ site 0
150918 165119.131|INFO|Thread-22|info| receiveObject(S) start got Packet[ADD_SETTING] #176 SERVER0 @ site 1 -> SERVER0 @ site 0
150918 165119.131|INFO|Thread-22|dumpPacket|Packet ADD_SETTING (Seq #176 ) recieveObject
150918 165119.131|INFO|Thread-22|dumpPacket|  From: SERVER0 @ site 1 (dd-PC @ 172.16.107.17) (Contest Id: Default-2794034061787222006)
150918 165119.132|INFO|Thread-22|dumpPacket|    To: SERVER0 @ site 0
150918 165119.132|INFO|Thread-22|dumpPacket|   key: PROBLEM is: edu.csus.ecs.pc2.core.model.Problem B. Batman
150918 165119.132|INFO|Thread-22|info|handlePacket start Packet[ADD_SETTING] #176 SERVER0 @ site 1 -> SERVER0 @ site 0
150918 165119.132|INFO|Thread-22|dumpPacket|Packet ADD_SETTING (Seq #176 ) handlePacket
150918 165119.132|INFO|Thread-22|dumpPacket|  From: SERVER0 @ site 1 (dd-PC @ 172.16.107.17) (Contest Id: Default-2794034061787222006)
150918 165119.133|INFO|Thread-22|dumpPacket|    To: SERVER0 @ site 0
150918 165119.133|INFO|Thread-22|dumpPacket|   key: PROBLEM is: edu.csus.ecs.pc2.core.model.Problem B. Batman
150918 165119.133|INFO|Thread-22|info|handlePacket end Packet[ADD_SETTING] #176 SERVER0 @ site 1 -> SERVER0 @ site 0
150918 165119.133|INFO|Thread-22|info| receiveObject(S) end   got Packet[ADD_SETTING] #176 SERVER0 @ site 1 -> SERVER0 @ site 0
150918 165136.715|INFO|Thread-23|info| receiveObject(S) start got Packet[UPDATE_SETTING] #178 SERVER0 @ site 1 -> SERVER0 @ site 0
150918 165136.715|INFO|Thread-23|dumpPacket|Packet UPDATE_SETTING (Seq #178 ) recieveObject
150918 165136.716|INFO|Thread-23|dumpPacket|  From: SERVER0 @ site 1 (dd-PC @ 172.16.107.17) (Contest Id: Default-2794034061787222006)
150918 165136.716|INFO|Thread-23|dumpPacket|    To: SERVER0 @ site 0
150918 165136.716|INFO|Thread-23|dumpPacket|   key: PROBLEM is: edu.csus.ecs.pc2.core.model.Problem Batman
150918 165136.716|INFO|Thread-23|info|handlePacket start Packet[UPDATE_SETTING] #178 SERVER0 @ site 1 -> SERVER0 @ site 0
150918 165136.716|INFO|Thread-23|dumpPacket|Packet UPDATE_SETTING (Seq #178 ) handlePacket
150918 165136.716|INFO|Thread-23|dumpPacket|  From: SERVER0 @ site 1 (dd-PC @ 172.16.107.17) (Contest Id: Default-2794034061787222006)
150918 165136.717|INFO|Thread-23|dumpPacket|    To: SERVER0 @ site 0
150918 165136.717|INFO|Thread-23|dumpPacket|   key: PROBLEM is: edu.csus.ecs.pc2.core.model.Problem Batman
150918 165136.717|INFO|Thread-23|info|handlePacket end Packet[UPDATE_SETTING] #178 SERVER0 @ site 1 -> SERVER0 @ site 0
150918 165136.717|INFO|Thread-23|info| receiveObject(S) end   got Packet[UPDATE_SETTING] #178 SERVER0 @ site 1 -> SERVER0 @ site 0
150918 165446.858|INFO|AWT-EventQueue-0|testOrSubmitRun|submitRun for A. Superman C++ file: D:\Test\Test\Test.cpp
150918 165446.861|INFO|AWT-EventQueue-0|sendToLocalServer|Sending packet to server Packet[RUN_SUBMISSION] #3 TEAM1 @ site 1 -> SERVER0 @ site 1
150918 165446.862|INFO|AWT-EventQueue-0|sendToLocalServer|Sent    packet to server Packet[RUN_SUBMISSION] #3 TEAM1 @ site 1 -> SERVER0 @ site 1
150918 165447.270|INFO|Thread-25|info| receiveObject(S) start got Packet[RUN_SUBMISSION_CONFIRM] #192 SERVER0 @ site 1 -> TEAM1 @ site 1
150918 165447.270|INFO|Thread-25|dumpPacket|Packet RUN_SUBMISSION_CONFIRM (Seq #192 ) recieveObject
150918 165447.270|INFO|Thread-25|dumpPacket|  From: SERVER0 @ site 1 (dd-PC @ 172.16.107.17) (Contest Id: Default-2794034061787222006)
150918 165447.271|INFO|Thread-25|dumpPacket|    To: TEAM1 @ site 1
150918 165447.271|INFO|Thread-25|dumpPacket|   key: RUN is: edu.csus.ecs.pc2.core.model.Run Run 8 QUEUED_FOR_COMPUTER_JUDGEMENT1039855 ms from TEAM1 @ site 1 id Run--7729900042271460769
150918 165447.271|INFO|Thread-25|info|handlePacket start Packet[RUN_SUBMISSION_CONFIRM] #192 SERVER0 @ site 1 -> TEAM1 @ site 1
150918 165447.272|INFO|Thread-25|dumpPacket|Packet RUN_SUBMISSION_CONFIRM (Seq #192 ) handlePacket
150918 165447.272|INFO|Thread-25|dumpPacket|  From: SERVER0 @ site 1 (dd-PC @ 172.16.107.17) (Contest Id: Default-2794034061787222006)
150918 165447.272|INFO|Thread-25|dumpPacket|    To: TEAM1 @ site 1
150918 165447.273|INFO|Thread-25|dumpPacket|   key: RUN is: edu.csus.ecs.pc2.core.model.Run Run 8 QUEUED_FOR_COMPUTER_JUDGEMENT1039855 ms from TEAM1 @ site 1 id Run--7729900042271460769
150918 165450.715|INFO|Thread-25|info| receiveObject(S) end   got Packet[RUN_SUBMISSION_CONFIRM] #192 SERVER0 @ site 1 -> TEAM1 @ site 1
150918 165534.296|INFO|Thread-26|info| receiveObject(S) start got Packet[RUN_JUDGEMENT] #204 SERVER0 @ site 1 -> TEAM1 @ site 1
150918 165534.296|INFO|Thread-26|dumpPacket|Packet RUN_JUDGEMENT (Seq #204 ) recieveObject
150918 165534.296|INFO|Thread-26|dumpPacket|  From: SERVER0 @ site 1 (dd-PC @ 172.16.107.17) (Contest Id: Default-2794034061787222006)
150918 165534.297|INFO|Thread-26|dumpPacket|    To: TEAM1 @ site 1
150918 165534.297|INFO|Thread-26|dumpPacket|   key: CLIENT_ID is: edu.csus.ecs.pc2.core.model.ClientId SERVER0 @ site 1
150918 165534.297|INFO|Thread-26|dumpPacket|   key: JUDGEMENT_RECORD is: edu.csus.ecs.pc2.core.model.JudgementRecord No by JUDGE1 @ site 1 judgement No - Compilation Error-1609324167954780181 id JudgementRecord--7313738205039972899
150918 165534.297|INFO|Thread-26|dumpPacket|   key: RUN is: edu.csus.ecs.pc2.core.model.Run Run 8 JUDGED1039855 ms from TEAM1 @ site 1 id Run--7729900042271460769
150918 165534.298|INFO|Thread-26|info|handlePacket start Packet[RUN_JUDGEMENT] #204 SERVER0 @ site 1 -> TEAM1 @ site 1
150918 165534.298|INFO|Thread-26|dumpPacket|Packet RUN_JUDGEMENT (Seq #204 ) handlePacket
150918 165534.298|INFO|Thread-26|dumpPacket|  From: SERVER0 @ site 1 (dd-PC @ 172.16.107.17) (Contest Id: Default-2794034061787222006)
150918 165534.298|INFO|Thread-26|dumpPacket|    To: TEAM1 @ site 1
150918 165534.299|INFO|Thread-26|dumpPacket|   key: CLIENT_ID is: edu.csus.ecs.pc2.core.model.ClientId SERVER0 @ site 1
150918 165534.299|INFO|Thread-26|dumpPacket|   key: JUDGEMENT_RECORD is: edu.csus.ecs.pc2.core.model.JudgementRecord No by JUDGE1 @ site 1 judgement No - Compilation Error-1609324167954780181 id JudgementRecord--7313738205039972899
150918 165534.299|INFO|Thread-26|dumpPacket|   key: RUN is: edu.csus.ecs.pc2.core.model.Run Run 8 JUDGED1039855 ms from TEAM1 @ site 1 id Run--7729900042271460769
150918 165559.146|INFO|Thread-26|info| receiveObject(S) end   got Packet[RUN_JUDGEMENT] #204 SERVER0 @ site 1 -> TEAM1 @ site 1
150918 165800.395|INFO|Thread-27|info| receiveObject(S) start got Packet[CLOCK_STOPPED] #261 SERVER0 @ site 1 -> SERVER0 @ site 0
150918 165800.395|INFO|Thread-27|dumpPacket|Packet CLOCK_STOPPED (Seq #261 ) recieveObject
150918 165800.396|INFO|Thread-27|dumpPacket|  From: SERVER0 @ site 1 (dd-PC @ 172.16.107.17) (Contest Id: Default-2794034061787222006)
150918 165800.396|INFO|Thread-27|dumpPacket|    To: SERVER0 @ site 0
150918 165800.396|INFO|Thread-27|dumpPacket|   key: SITE_NUMBER is: java.lang.Integer 1
150918 165800.396|INFO|Thread-27|dumpPacket|   key: CLIENT_ID is: edu.csus.ecs.pc2.core.model.ClientId ADMINISTRATOR1 @ site 1
150918 165800.397|INFO|Thread-27|info|handlePacket start Packet[CLOCK_STOPPED] #261 SERVER0 @ site 1 -> SERVER0 @ site 0
150918 165800.397|INFO|Thread-27|dumpPacket|Packet CLOCK_STOPPED (Seq #261 ) handlePacket
150918 165800.397|INFO|Thread-27|dumpPacket|  From: SERVER0 @ site 1 (dd-PC @ 172.16.107.17) (Contest Id: Default-2794034061787222006)
150918 165800.397|INFO|Thread-27|dumpPacket|    To: SERVER0 @ site 0
150918 165800.397|INFO|Thread-27|dumpPacket|   key: SITE_NUMBER is: java.lang.Integer 1
150918 165800.398|INFO|Thread-27|dumpPacket|   key: CLIENT_ID is: edu.csus.ecs.pc2.core.model.ClientId ADMINISTRATOR1 @ site 1
150918 165800.399|INFO|Thread-27|contestStopped|debug ContestTime site 1 STOPPED 0:20:32
150918 165800.399|INFO|Thread-27|info|Clock for site 1 stopped by ADMINISTRATOR1 @ site 1 elapsed 0:20:32
150918 165800.400|INFO|Thread-27|info| receiveObject(S) end   got Packet[CLOCK_STOPPED] #261 SERVER0 @ site 1 -> SERVER0 @ site 0
150918 165844.861|INFO|Thread-28|info| receiveObject(S) start got Packet[CLOCK_STARTED] #278 SERVER0 @ site 1 -> SERVER0 @ site 0
150918 165844.861|INFO|Thread-28|dumpPacket|Packet CLOCK_STARTED (Seq #278 ) recieveObject
150918 165844.861|INFO|Thread-28|dumpPacket|  From: SERVER0 @ site 1 (dd-PC @ 172.16.107.17) (Contest Id: Default-2794034061787222006)
150918 165844.862|INFO|Thread-28|dumpPacket|    To: SERVER0 @ site 0
150918 165844.862|INFO|Thread-28|dumpPacket|   key: CLIENT_ID is: edu.csus.ecs.pc2.core.model.ClientId ADMINISTRATOR1 @ site 1
150918 165844.862|INFO|Thread-28|dumpPacket|   key: SITE_NUMBER is: java.lang.Integer 1
150918 165844.862|INFO|Thread-28|dumpPacket|   key: SERVER_CLOCK_OFFSET is: java.util.GregorianCalendar java.util.GregorianCalendar[time=1442324959980,areFieldsSet=true,areAllFieldsSet=false,lenient=true,zone=sun.util.calendar.ZoneInfo[id="GMT",offset=0,dstSavings=0,useDaylight=false,transitions=0,lastRule=null],firstDayOfWeek=1,minimalDaysInFirstWeek=1,ERA=1,YEAR=2015,MONTH=8,WEEK_OF_YEAR=38,WEEK_OF_MONTH=3,DAY_OF_MONTH=15,DAY_OF_YEAR=258,DAY_OF_WEEK=3,DAY_OF_WEEK_IN_MONTH=3,AM_PM=1,HOUR=1,HOUR_OF_DAY=13,MINUTE=49,SECOND=19,MILLISECOND=980,ZONE_OFFSET=0,DST_OFFSET=0]
150918 165844.863|INFO|Thread-28|info|handlePacket start Packet[CLOCK_STARTED] #278 SERVER0 @ site 1 -> SERVER0 @ site 0
150918 165844.863|INFO|Thread-28|dumpPacket|Packet CLOCK_STARTED (Seq #278 ) handlePacket
150918 165844.863|INFO|Thread-28|dumpPacket|  From: SERVER0 @ site 1 (dd-PC @ 172.16.107.17) (Contest Id: Default-2794034061787222006)
150918 165844.863|INFO|Thread-28|dumpPacket|    To: SERVER0 @ site 0
150918 165844.864|INFO|Thread-28|dumpPacket|   key: CLIENT_ID is: edu.csus.ecs.pc2.core.model.ClientId ADMINISTRATOR1 @ site 1
150918 165844.864|INFO|Thread-28|dumpPacket|   key: SITE_NUMBER is: java.lang.Integer 1
150918 165844.864|INFO|Thread-28|dumpPacket|   key: SERVER_CLOCK_OFFSET is: java.util.GregorianCalendar java.util.GregorianCalendar[time=1442324959980,areFieldsSet=true,areAllFieldsSet=false,lenient=true,zone=sun.util.calendar.ZoneInfo[id="GMT",offset=0,dstSavings=0,useDaylight=false,transitions=0,lastRule=null],firstDayOfWeek=1,minimalDaysInFirstWeek=1,ERA=1,YEAR=2015,MONTH=8,WEEK_OF_YEAR=38,WEEK_OF_MONTH=3,DAY_OF_MONTH=15,DAY_OF_YEAR=258,DAY_OF_WEEK=3,DAY_OF_WEEK_IN_MONTH=3,AM_PM=1,HOUR=1,HOUR_OF_DAY=13,MINUTE=49,SECOND=19,MILLISECOND=980,ZONE_OFFSET=0,DST_OFFSET=0]
150918 165844.865|INFO|Thread-28|contestStarted|debug ContestTime site 1 STARTED 0:20:32
150918 165844.865|INFO|Thread-28|info|Clock for site 1 started by ADMINISTRATOR1 @ site 1 elapsed 0:20:32
150918 165844.865|INFO|Thread-28|info| receiveObject(S) end   got Packet[CLOCK_STARTED] #278 SERVER0 @ site 1 -> SERVER0 @ site 0
150918 170003.272|INFO|AWT-EventQueue-0|testOrSubmitRun|submitRun for A. Superman C++ file: D:\Test\Test\Test.cpp
150918 170003.274|INFO|AWT-EventQueue-0|sendToLocalServer|Sending packet to server Packet[RUN_SUBMISSION] #4 TEAM1 @ site 1 -> SERVER0 @ site 1
150918 170003.274|INFO|AWT-EventQueue-0|sendToLocalServer|Sent    packet to server Packet[RUN_SUBMISSION] #4 TEAM1 @ site 1 -> SERVER0 @ site 1
150918 170003.615|INFO|Thread-30|info| receiveObject(S) start got Packet[RUN_SUBMISSION_CONFIRM] #330 SERVER0 @ site 1 -> TEAM1 @ site 1
150918 170003.615|INFO|Thread-30|dumpPacket|Packet RUN_SUBMISSION_CONFIRM (Seq #330 ) recieveObject
150918 170003.616|INFO|Thread-30|dumpPacket|  From: SERVER0 @ site 1 (dd-PC @ 172.16.107.17) (Contest Id: Default-2794034061787222006)
150918 170003.616|INFO|Thread-30|dumpPacket|    To: TEAM1 @ site 1
150918 170003.616|INFO|Thread-30|dumpPacket|   key: RUN is: edu.csus.ecs.pc2.core.model.Run Run 23 QUEUED_FOR_COMPUTER_JUDGEMENT1311540 ms from TEAM1 @ site 1 id Run--410746760581665033
150918 170003.616|INFO|Thread-30|info|handlePacket start Packet[RUN_SUBMISSION_CONFIRM] #330 SERVER0 @ site 1 -> TEAM1 @ site 1
150918 170003.617|INFO|Thread-30|dumpPacket|Packet RUN_SUBMISSION_CONFIRM (Seq #330 ) handlePacket
150918 170003.617|INFO|Thread-30|dumpPacket|  From: SERVER0 @ site 1 (dd-PC @ 172.16.107.17) (Contest Id: Default-2794034061787222006)
150918 170003.617|INFO|Thread-30|dumpPacket|    To: TEAM1 @ site 1
150918 170003.618|INFO|Thread-30|dumpPacket|   key: RUN is: edu.csus.ecs.pc2.core.model.Run Run 23 QUEUED_FOR_COMPUTER_JUDGEMENT1311540 ms from TEAM1 @ site 1 id Run--410746760581665033
150918 170005.876|INFO|Thread-31|info| receiveObject(S) start got Packet[RUN_JUDGEMENT] #336 SERVER0 @ site 1 -> TEAM1 @ site 1
150918 170005.876|INFO|Thread-31|dumpPacket|Packet RUN_JUDGEMENT (Seq #336 ) recieveObject
150918 170005.877|INFO|Thread-31|dumpPacket|  From: SERVER0 @ site 1 (dd-PC @ 172.16.107.17) (Contest Id: Default-2794034061787222006)
150918 170005.877|INFO|Thread-31|dumpPacket|    To: TEAM1 @ site 1
150918 170005.877|INFO|Thread-31|dumpPacket|   key: CLIENT_ID is: edu.csus.ecs.pc2.core.model.ClientId SERVER0 @ site 1
150918 170005.878|INFO|Thread-31|dumpPacket|   key: JUDGEMENT_RECORD is: edu.csus.ecs.pc2.core.model.JudgementRecord No by JUDGE1 @ site 1 judgement No - Wrong Answer-5633524986606474817 id JudgementRecord--2477602770766745772
150918 170005.878|INFO|Thread-31|dumpPacket|   key: RUN is: edu.csus.ecs.pc2.core.model.Run Run 23 JUDGED1311540 ms from TEAM1 @ site 1 id Run--410746760581665033
150918 170005.878|INFO|Thread-31|info|handlePacket start Packet[RUN_JUDGEMENT] #336 SERVER0 @ site 1 -> TEAM1 @ site 1
150918 170005.879|INFO|Thread-31|dumpPacket|Packet RUN_JUDGEMENT (Seq #336 ) handlePacket
150918 170005.879|INFO|Thread-31|dumpPacket|  From: SERVER0 @ site 1 (dd-PC @ 172.16.107.17) (Contest Id: Default-2794034061787222006)
150918 170005.879|INFO|Thread-31|dumpPacket|    To: TEAM1 @ site 1
150918 170005.879|INFO|Thread-31|dumpPacket|   key: CLIENT_ID is: edu.csus.ecs.pc2.core.model.ClientId SERVER0 @ site 1
150918 170005.880|INFO|Thread-31|dumpPacket|   key: JUDGEMENT_RECORD is: edu.csus.ecs.pc2.core.model.JudgementRecord No by JUDGE1 @ site 1 judgement No - Wrong Answer-5633524986606474817 id JudgementRecord--2477602770766745772
150918 170005.880|INFO|Thread-31|dumpPacket|   key: RUN is: edu.csus.ecs.pc2.core.model.Run Run 23 JUDGED1311540 ms from TEAM1 @ site 1 id Run--410746760581665033
150918 170021.211|INFO|Thread-31|info| receiveObject(S) end   got Packet[RUN_JUDGEMENT] #336 SERVER0 @ site 1 -> TEAM1 @ site 1
150918 170022.776|INFO|Thread-30|info| receiveObject(S) end   got Packet[RUN_SUBMISSION_CONFIRM] #330 SERVER0 @ site 1 -> TEAM1 @ site 1
150918 170215.984|INFO|AWT-EventQueue-0|testOrSubmitRun|submitRun for A. Superman C++ file: D:\Test\Test\Test.cpp
150918 170215.985|INFO|AWT-EventQueue-0|sendToLocalServer|Sending packet to server Packet[RUN_SUBMISSION] #5 TEAM1 @ site 1 -> SERVER0 @ site 1
150918 170215.986|INFO|AWT-EventQueue-0|sendToLocalServer|Sent    packet to server Packet[RUN_SUBMISSION] #5 TEAM1 @ site 1 -> SERVER0 @ site 1
150918 170216.306|INFO|Thread-33|info| receiveObject(S) start got Packet[RUN_SUBMISSION_CONFIRM] #402 SERVER0 @ site 1 -> TEAM1 @ site 1
150918 170216.306|INFO|Thread-33|dumpPacket|Packet RUN_SUBMISSION_CONFIRM (Seq #402 ) recieveObject
150918 170216.306|INFO|Thread-33|dumpPacket|  From: SERVER0 @ site 1 (dd-PC @ 172.16.107.17) (Contest Id: Default-2794034061787222006)
150918 170216.307|INFO|Thread-33|dumpPacket|    To: TEAM1 @ site 1
150918 170216.307|INFO|Thread-33|dumpPacket|   key: RUN is: edu.csus.ecs.pc2.core.model.Run Run 34 QUEUED_FOR_COMPUTER_JUDGEMENT1444244 ms from TEAM1 @ site 1 id Run-3830151048804875141
150918 170216.307|INFO|Thread-33|info|handlePacket start Packet[RUN_SUBMISSION_CONFIRM] #402 SERVER0 @ site 1 -> TEAM1 @ site 1
150918 170216.307|INFO|Thread-33|dumpPacket|Packet RUN_SUBMISSION_CONFIRM (Seq #402 ) handlePacket
150918 170216.308|INFO|Thread-33|dumpPacket|  From: SERVER0 @ site 1 (dd-PC @ 172.16.107.17) (Contest Id: Default-2794034061787222006)
150918 170216.308|INFO|Thread-33|dumpPacket|    To: TEAM1 @ site 1
150918 170216.308|INFO|Thread-33|dumpPacket|   key: RUN is: edu.csus.ecs.pc2.core.model.Run Run 34 QUEUED_FOR_COMPUTER_JUDGEMENT1444244 ms from TEAM1 @ site 1 id Run-3830151048804875141
150918 170217.408|INFO|Thread-33|info| receiveObject(S) end   got Packet[RUN_SUBMISSION_CONFIRM] #402 SERVER0 @ site 1 -> TEAM1 @ site 1
150918 170217.539|INFO|Thread-34|info| receiveObject(S) start got Packet[RUN_JUDGEMENT] #406 SERVER0 @ site 1 -> TEAM1 @ site 1
150918 170217.540|INFO|Thread-34|dumpPacket|Packet RUN_JUDGEMENT (Seq #406 ) recieveObject
150918 170217.540|INFO|Thread-34|dumpPacket|  From: SERVER0 @ site 1 (dd-PC @ 172.16.107.17) (Contest Id: Default-2794034061787222006)
150918 170217.540|INFO|Thread-34|dumpPacket|    To: TEAM1 @ site 1
150918 170217.540|INFO|Thread-34|dumpPacket|   key: CLIENT_ID is: edu.csus.ecs.pc2.core.model.ClientId SERVER0 @ site 1
150918 170217.541|INFO|Thread-34|dumpPacket|   key: JUDGEMENT_RECORD is: edu.csus.ecs.pc2.core.model.JudgementRecord Yes by JUDGE1 @ site 1 judgement Yes--3255489741027076518 id JudgementRecord--6539898099621202165
150918 170217.541|INFO|Thread-34|dumpPacket|   key: RUN is: edu.csus.ecs.pc2.core.model.Run Run 34 JUDGED1444244 ms from TEAM1 @ site 1 id Run-3830151048804875141
150918 170217.541|INFO|Thread-34|info|handlePacket start Packet[RUN_JUDGEMENT] #406 SERVER0 @ site 1 -> TEAM1 @ site 1
150918 170217.544|INFO|Thread-34|dumpPacket|Packet RUN_JUDGEMENT (Seq #406 ) handlePacket
150918 170217.545|INFO|Thread-34|dumpPacket|  From: SERVER0 @ site 1 (dd-PC @ 172.16.107.17) (Contest Id: Default-2794034061787222006)
150918 170217.547|INFO|Thread-34|dumpPacket|    To: TEAM1 @ site 1
150918 170217.547|INFO|Thread-34|dumpPacket|   key: CLIENT_ID is: edu.csus.ecs.pc2.core.model.ClientId SERVER0 @ site 1
150918 170217.547|INFO|Thread-34|dumpPacket|   key: JUDGEMENT_RECORD is: edu.csus.ecs.pc2.core.model.JudgementRecord Yes by JUDGE1 @ site 1 judgement Yes--3255489741027076518 id JudgementRecord--6539898099621202165
150918 170217.548|INFO|Thread-34|dumpPacket|   key: RUN is: edu.csus.ecs.pc2.core.model.Run Run 34 JUDGED1444244 ms from TEAM1 @ site 1 id Run-3830151048804875141
150918 170223.688|INFO|Thread-34|info| receiveObject(S) end   got Packet[RUN_JUDGEMENT] #406 SERVER0 @ site 1 -> TEAM1 @ site 1
150918 170452.031|INFO|AWT-EventQueue-0|testOrSubmitRun|submitRun for A. Superman C++ file: D:\Test\Test\Test.cpp
150918 170452.033|INFO|AWT-EventQueue-0|sendToLocalServer|Sending packet to server Packet[RUN_SUBMISSION] #6 TEAM1 @ site 1 -> SERVER0 @ site 1
150918 170452.033|INFO|AWT-EventQueue-0|sendToLocalServer|Sent    packet to server Packet[RUN_SUBMISSION] #6 TEAM1 @ site 1 -> SERVER0 @ site 1
150918 170452.382|INFO|Thread-36|info| receiveObject(S) start got Packet[RUN_SUBMISSION_CONFIRM] #542 SERVER0 @ site 1 -> TEAM1 @ site 1
150918 170452.382|INFO|Thread-36|dumpPacket|Packet RUN_SUBMISSION_CONFIRM (Seq #542 ) recieveObject
150918 170452.382|INFO|Thread-36|dumpPacket|  From: SERVER0 @ site 1 (dd-PC @ 172.16.107.17) (Contest Id: Default-2794034061787222006)
150918 170452.383|INFO|Thread-36|dumpPacket|    To: TEAM1 @ site 1
150918 170452.383|INFO|Thread-36|dumpPacket|   key: RUN is: edu.csus.ecs.pc2.core.model.Run Run 56 QUEUED_FOR_COMPUTER_JUDGEMENT1600297 ms from TEAM1 @ site 1 id Run--544439628268638170
150918 170452.383|INFO|Thread-36|info|handlePacket start Packet[RUN_SUBMISSION_CONFIRM] #542 SERVER0 @ site 1 -> TEAM1 @ site 1
150918 170452.383|INFO|Thread-36|dumpPacket|Packet RUN_SUBMISSION_CONFIRM (Seq #542 ) handlePacket
150918 170452.384|INFO|Thread-36|dumpPacket|  From: SERVER0 @ site 1 (dd-PC @ 172.16.107.17) (Contest Id: Default-2794034061787222006)
150918 170452.384|INFO|Thread-36|dumpPacket|    To: TEAM1 @ site 1
150918 170452.385|INFO|Thread-36|dumpPacket|   key: RUN is: edu.csus.ecs.pc2.core.model.Run Run 56 QUEUED_FOR_COMPUTER_JUDGEMENT1600297 ms from TEAM1 @ site 1 id Run--544439628268638170
150918 170453.239|INFO|Thread-36|info| receiveObject(S) end   got Packet[RUN_SUBMISSION_CONFIRM] #542 SERVER0 @ site 1 -> TEAM1 @ site 1
150918 170453.996|INFO|Thread-37|info| receiveObject(S) start got Packet[RUN_JUDGEMENT] #546 SERVER0 @ site 1 -> TEAM1 @ site 1
150918 170453.997|INFO|Thread-37|dumpPacket|Packet RUN_JUDGEMENT (Seq #546 ) recieveObject
150918 170453.997|INFO|Thread-37|dumpPacket|  From: SERVER0 @ site 1 (dd-PC @ 172.16.107.17) (Contest Id: Default-2794034061787222006)
150918 170453.997|INFO|Thread-37|dumpPacket|    To: TEAM1 @ site 1
150918 170453.998|INFO|Thread-37|dumpPacket|   key: CLIENT_ID is: edu.csus.ecs.pc2.core.model.ClientId SERVER0 @ site 1
150918 170453.998|INFO|Thread-37|dumpPacket|   key: JUDGEMENT_RECORD is: edu.csus.ecs.pc2.core.model.JudgementRecord No by JUDGE1 @ site 1 judgement No - Wrong Answer-5633524986606474817 id JudgementRecord--6867799700993371915
150918 170453.998|INFO|Thread-37|dumpPacket|   key: RUN is: edu.csus.ecs.pc2.core.model.Run Run 56 JUDGED1600297 ms from TEAM1 @ site 1 id Run--544439628268638170
150918 170453.998|INFO|Thread-37|info|handlePacket start Packet[RUN_JUDGEMENT] #546 SERVER0 @ site 1 -> TEAM1 @ site 1
150918 170453.999|INFO|Thread-37|dumpPacket|Packet RUN_JUDGEMENT (Seq #546 ) handlePacket
150918 170453.999|INFO|Thread-37|dumpPacket|  From: SERVER0 @ site 1 (dd-PC @ 172.16.107.17) (Contest Id: Default-2794034061787222006)
150918 170453.999|INFO|Thread-37|dumpPacket|    To: TEAM1 @ site 1
150918 170453.999|INFO|Thread-37|dumpPacket|   key: CLIENT_ID is: edu.csus.ecs.pc2.core.model.ClientId SERVER0 @ site 1
150918 170454.000|INFO|Thread-37|dumpPacket|   key: JUDGEMENT_RECORD is: edu.csus.ecs.pc2.core.model.JudgementRecord No by JUDGE1 @ site 1 judgement No - Wrong Answer-5633524986606474817 id JudgementRecord--6867799700993371915
150918 170454.000|INFO|Thread-37|dumpPacket|   key: RUN is: edu.csus.ecs.pc2.core.model.Run Run 56 JUDGED1600297 ms from TEAM1 @ site 1 id Run--544439628268638170
150918 170500.431|INFO|Thread-37|info| receiveObject(S) end   got Packet[RUN_JUDGEMENT] #546 SERVER0 @ site 1 -> TEAM1 @ site 1
150918 170616.550|INFO|AWT-EventQueue-0|testOrSubmitRun|submitRun for A. Superman C++ file: D:\Test\Test\Test.cpp
150918 170616.551|INFO|AWT-EventQueue-0|sendToLocalServer|Sending packet to server Packet[RUN_SUBMISSION] #7 TEAM1 @ site 1 -> SERVER0 @ site 1
150918 170616.552|INFO|AWT-EventQueue-0|sendToLocalServer|Sent    packet to server Packet[RUN_SUBMISSION] #7 TEAM1 @ site 1 -> SERVER0 @ site 1
150918 170616.904|INFO|Thread-39|info| receiveObject(S) start got Packet[RUN_SUBMISSION_CONFIRM] #603 SERVER0 @ site 1 -> TEAM1 @ site 1
150918 170616.904|INFO|Thread-39|dumpPacket|Packet RUN_SUBMISSION_CONFIRM (Seq #603 ) recieveObject
150918 170616.904|INFO|Thread-39|dumpPacket|  From: SERVER0 @ site 1 (dd-PC @ 172.16.107.17) (Contest Id: Default-2794034061787222006)
150918 170616.905|INFO|Thread-39|dumpPacket|    To: TEAM1 @ site 1
150918 170616.905|INFO|Thread-39|dumpPacket|   key: RUN is: edu.csus.ecs.pc2.core.model.Run Run 69 QUEUED_FOR_COMPUTER_JUDGEMENT1684819 ms from TEAM1 @ site 1 id Run--1023180553438578238
150918 170616.905|INFO|Thread-39|info|handlePacket start Packet[RUN_SUBMISSION_CONFIRM] #603 SERVER0 @ site 1 -> TEAM1 @ site 1
150918 170616.905|INFO|Thread-39|dumpPacket|Packet RUN_SUBMISSION_CONFIRM (Seq #603 ) handlePacket
150918 170616.905|INFO|Thread-39|dumpPacket|  From: SERVER0 @ site 1 (dd-PC @ 172.16.107.17) (Contest Id: Default-2794034061787222006)
150918 170616.906|INFO|Thread-39|dumpPacket|    To: TEAM1 @ site 1
150918 170616.906|INFO|Thread-39|dumpPacket|   key: RUN is: edu.csus.ecs.pc2.core.model.Run Run 69 QUEUED_FOR_COMPUTER_JUDGEMENT1684819 ms from TEAM1 @ site 1 id Run--1023180553438578238
150918 170617.758|INFO|Thread-39|info| receiveObject(S) end   got Packet[RUN_SUBMISSION_CONFIRM] #603 SERVER0 @ site 1 -> TEAM1 @ site 1
150918 171454.818|INFO|AWT-EventQueue-0|testOrSubmitRun|submitRun for A. Superman C++ file: D:\Test\Test\Test.cpp
150918 171454.820|INFO|AWT-EventQueue-0|sendToLocalServer|Sending packet to server Packet[RUN_SUBMISSION] #8 TEAM1 @ site 1 -> SERVER0 @ site 1
150918 171454.821|INFO|AWT-EventQueue-0|sendToLocalServer|Sent    packet to server Packet[RUN_SUBMISSION] #8 TEAM1 @ site 1 -> SERVER0 @ site 1
150918 171455.116|INFO|Thread-41|info| receiveObject(S) start got Packet[RUN_JUDGEMENT] #659 SERVER0 @ site 1 -> TEAM1 @ site 1
150918 171455.116|INFO|Thread-41|dumpPacket|Packet RUN_JUDGEMENT (Seq #659 ) recieveObject
150918 171455.116|INFO|Thread-41|dumpPacket|  From: SERVER0 @ site 1 (dd-PC @ 172.16.107.17) (Contest Id: Default-2794034061787222006)
150918 171455.117|INFO|Thread-41|dumpPacket|    To: TEAM1 @ site 1
150918 171455.117|INFO|Thread-41|dumpPacket|   key: CLIENT_ID is: edu.csus.ecs.pc2.core.model.ClientId SERVER0 @ site 1
150918 171455.117|INFO|Thread-41|dumpPacket|   key: JUDGEMENT_RECORD is: edu.csus.ecs.pc2.core.model.JudgementRecord No by JUDGE1 @ site 1 judgement No - Wrong Answer-5633524986606474817 id JudgementRecord--2603941742019047386
150918 171455.117|INFO|Thread-41|dumpPacket|   key: RUN is: edu.csus.ecs.pc2.core.model.Run Run 69 JUDGED1684819 ms from TEAM1 @ site 1 id Run--1023180553438578238
150918 171455.118|INFO|Thread-41|info|handlePacket start Packet[RUN_JUDGEMENT] #659 SERVER0 @ site 1 -> TEAM1 @ site 1
150918 171455.118|INFO|Thread-41|dumpPacket|Packet RUN_JUDGEMENT (Seq #659 ) handlePacket
150918 171455.118|INFO|Thread-41|dumpPacket|  From: SERVER0 @ site 1 (dd-PC @ 172.16.107.17) (Contest Id: Default-2794034061787222006)
150918 171455.118|INFO|Thread-41|dumpPacket|    To: TEAM1 @ site 1
150918 171455.119|INFO|Thread-41|dumpPacket|   key: CLIENT_ID is: edu.csus.ecs.pc2.core.model.ClientId SERVER0 @ site 1
150918 171455.119|INFO|Thread-41|dumpPacket|   key: JUDGEMENT_RECORD is: edu.csus.ecs.pc2.core.model.JudgementRecord No by JUDGE1 @ site 1 judgement No - Wrong Answer-5633524986606474817 id JudgementRecord--2603941742019047386
150918 171455.119|INFO|Thread-41|dumpPacket|   key: RUN is: edu.csus.ecs.pc2.core.model.Run Run 69 JUDGED1684819 ms from TEAM1 @ site 1 id Run--1023180553438578238
150918 171455.133|INFO|Thread-42|info| receiveObject(S) start got Packet[RUN_SUBMISSION_CONFIRM] #661 SERVER0 @ site 1 -> TEAM1 @ site 1
150918 171455.133|INFO|Thread-42|dumpPacket|Packet RUN_SUBMISSION_CONFIRM (Seq #661 ) recieveObject
150918 171455.133|INFO|Thread-42|dumpPacket|  From: SERVER0 @ site 1 (dd-PC @ 172.16.107.17) (Contest Id: Default-2794034061787222006)
150918 171455.133|INFO|Thread-42|dumpPacket|    To: TEAM1 @ site 1
150918 171455.134|INFO|Thread-42|dumpPacket|   key: RUN is: edu.csus.ecs.pc2.core.model.Run Run 89 QUEUED_FOR_COMPUTER_JUDGEMENT2202814 ms from TEAM1 @ site 1 id Run-3605962715088004575
150918 171455.134|INFO|Thread-42|info|handlePacket start Packet[RUN_SUBMISSION_CONFIRM] #661 SERVER0 @ site 1 -> TEAM1 @ site 1
150918 171455.134|INFO|Thread-42|dumpPacket|Packet RUN_SUBMISSION_CONFIRM (Seq #661 ) handlePacket
150918 171455.134|INFO|Thread-42|dumpPacket|  From: SERVER0 @ site 1 (dd-PC @ 172.16.107.17) (Contest Id: Default-2794034061787222006)
150918 171455.134|INFO|Thread-42|dumpPacket|    To: TEAM1 @ site 1
150918 171455.134|INFO|Thread-42|dumpPacket|   key: RUN is: edu.csus.ecs.pc2.core.model.Run Run 89 QUEUED_FOR_COMPUTER_JUDGEMENT2202814 ms from TEAM1 @ site 1 id Run-3605962715088004575
150918 171456.050|INFO|Thread-42|info| receiveObject(S) end   got Packet[RUN_SUBMISSION_CONFIRM] #661 SERVER0 @ site 1 -> TEAM1 @ site 1
150918 171458.522|INFO|Thread-41|info| receiveObject(S) end   got Packet[RUN_JUDGEMENT] #659 SERVER0 @ site 1 -> TEAM1 @ site 1
150918 171923.790|INFO|Thread-43|info| receiveObject(S) start got Packet[RUN_JUDGEMENT] #875 SERVER0 @ site 1 -> TEAM1 @ site 1
150918 171923.790|INFO|Thread-43|dumpPacket|Packet RUN_JUDGEMENT (Seq #875 ) recieveObject
150918 171923.790|INFO|Thread-43|dumpPacket|  From: SERVER0 @ site 1 (dd-PC @ 172.16.107.17) (Contest Id: Default-2794034061787222006)
150918 171923.791|INFO|Thread-43|dumpPacket|    To: TEAM1 @ site 1
150918 171923.791|INFO|Thread-43|dumpPacket|   key: CLIENT_ID is: edu.csus.ecs.pc2.core.model.ClientId SERVER0 @ site 1
150918 171923.791|INFO|Thread-43|dumpPacket|   key: JUDGEMENT_RECORD is: edu.csus.ecs.pc2.core.model.JudgementRecord No by JUDGE1 @ site 1 judgement No - Wrong Answer-5633524986606474817 id JudgementRecord--956983123822636575
150918 171923.791|INFO|Thread-43|dumpPacket|   key: RUN is: edu.csus.ecs.pc2.core.model.Run Run 89 JUDGED2202814 ms from TEAM1 @ site 1 id Run-3605962715088004575
150918 171923.792|INFO|Thread-43|info|handlePacket start Packet[RUN_JUDGEMENT] #875 SERVER0 @ site 1 -> TEAM1 @ site 1
150918 171923.792|INFO|Thread-43|dumpPacket|Packet RUN_JUDGEMENT (Seq #875 ) handlePacket
150918 171923.792|INFO|Thread-43|dumpPacket|  From: SERVER0 @ site 1 (dd-PC @ 172.16.107.17) (Contest Id: Default-2794034061787222006)
150918 171923.792|INFO|Thread-43|dumpPacket|    To: TEAM1 @ site 1
150918 171923.792|INFO|Thread-43|dumpPacket|   key: CLIENT_ID is: edu.csus.ecs.pc2.core.model.ClientId SERVER0 @ site 1
150918 171923.793|INFO|Thread-43|dumpPacket|   key: JUDGEMENT_RECORD is: edu.csus.ecs.pc2.core.model.JudgementRecord No by JUDGE1 @ site 1 judgement No - Wrong Answer-5633524986606474817 id JudgementRecord--956983123822636575
150918 171923.793|INFO|Thread-43|dumpPacket|   key: RUN is: edu.csus.ecs.pc2.core.model.Run Run 89 JUDGED2202814 ms from TEAM1 @ site 1 id Run-3605962715088004575
150918 172013.190|INFO|Thread-44|info| receiveObject(S) start got Packet[UPDATE_SETTING] #898 SERVER0 @ site 1 -> TEAM1 @ site 1
150918 172013.190|INFO|Thread-44|dumpPacket|Packet UPDATE_SETTING (Seq #898 ) recieveObject
150918 172013.190|INFO|Thread-44|dumpPacket|  From: SERVER0 @ site 1 (dd-PC @ 172.16.107.17) (Contest Id: Default-2794034061787222006)
150918 172013.190|INFO|Thread-44|dumpPacket|    To: TEAM1 @ site 1
150918 172013.191|INFO|Thread-44|dumpPacket|   key: ACCOUNT is: edu.csus.ecs.pc2.core.model.Account Zaedul Islam
150918 172013.192|INFO|Thread-44|info|handlePacket start Packet[UPDATE_SETTING] #898 SERVER0 @ site 1 -> TEAM1 @ site 1
150918 172013.192|INFO|Thread-44|dumpPacket|Packet UPDATE_SETTING (Seq #898 ) handlePacket
150918 172013.193|INFO|Thread-44|dumpPacket|  From: SERVER0 @ site 1 (dd-PC @ 172.16.107.17) (Contest Id: Default-2794034061787222006)
150918 172013.193|INFO|Thread-44|dumpPacket|    To: TEAM1 @ site 1
150918 172013.193|INFO|Thread-44|dumpPacket|   key: ACCOUNT is: edu.csus.ecs.pc2.core.model.Account Zaedul Islam
150918 172013.197|INFO|Thread-44|info|handlePacket end Packet[UPDATE_SETTING] #898 SERVER0 @ site 1 -> TEAM1 @ site 1
150918 172013.197|INFO|Thread-44|info| receiveObject(S) end   got Packet[UPDATE_SETTING] #898 SERVER0 @ site 1 -> TEAM1 @ site 1
150918 174013.272|INFO|Thread-43|info| receiveObject(S) end   got Packet[RUN_JUDGEMENT] #875 SERVER0 @ site 1 -> TEAM1 @ site 1
150918 174044.020|INFO|Thread-45|info| receiveObject(S) start got Packet[CLARIFICATION_ANSWER_UPDATE] #992 SERVER0 @ site 1 -> SERVER0 @ site 0
150918 174044.020|INFO|Thread-45|dumpPacket|Packet CLARIFICATION_ANSWER_UPDATE (Seq #992 ) recieveObject
150918 174044.021|INFO|Thread-45|dumpPacket|  From: SERVER0 @ site 1 (dd-PC @ 172.16.107.17) (Contest Id: Default-2794034061787222006)
150918 174044.022|INFO|Thread-45|dumpPacket|    To: SERVER0 @ site 0
150918 174044.022|INFO|Thread-45|dumpPacket|   key: CLARIFICATION is: edu.csus.ecs.pc2.core.model.Clarification Clarification 1 ANSWERED from JUDGE1 @ site 1 at 62 id=Clarification-4261873280011751837
150918 174044.023|INFO|Thread-45|dumpPacket|   key: CLIENT_ID is: edu.csus.ecs.pc2.core.model.ClientId JUDGE1 @ site 1
150918 174044.023|INFO|Thread-45|dumpPacket|   key: CLARIFICATION_ANSWER is: java.lang.String Output may not be fitted into 32 bit integer.
150918 174044.024|INFO|Thread-45|info|handlePacket start Packet[CLARIFICATION_ANSWER_UPDATE] #992 SERVER0 @ site 1 -> SERVER0 @ site 0
150918 174044.024|INFO|Thread-45|dumpPacket|Packet CLARIFICATION_ANSWER_UPDATE (Seq #992 ) handlePacket
150918 174044.025|INFO|Thread-45|dumpPacket|  From: SERVER0 @ site 1 (dd-PC @ 172.16.107.17) (Contest Id: Default-2794034061787222006)
150918 174044.025|INFO|Thread-45|dumpPacket|    To: SERVER0 @ site 0
150918 174044.025|INFO|Thread-45|dumpPacket|   key: CLARIFICATION is: edu.csus.ecs.pc2.core.model.Clarification Clarification 1 ANSWERED from JUDGE1 @ site 1 at 62 id=Clarification-4261873280011751837
150918 174044.026|INFO|Thread-45|dumpPacket|   key: CLIENT_ID is: edu.csus.ecs.pc2.core.model.ClientId JUDGE1 @ site 1
150918 174044.026|INFO|Thread-45|dumpPacket|   key: CLARIFICATION_ANSWER is: java.lang.String Output may not be fitted into 32 bit integer.
150918 174122.040|INFO|Thread-45|info| receiveObject(S) end   got Packet[CLARIFICATION_ANSWER_UPDATE] #992 SERVER0 @ site 1 -> SERVER0 @ site 0
150918 174153.684|INFO|Thread-46|info| receiveObject(S) start got Packet[CLARIFICATION_ANSWER_UPDATE] #1001 SERVER0 @ site 1 -> SERVER0 @ site 0
150918 174153.684|INFO|Thread-46|dumpPacket|Packet CLARIFICATION_ANSWER_UPDATE (Seq #1001 ) recieveObject
150918 174153.685|INFO|Thread-46|dumpPacket|  From: SERVER0 @ site 1 (dd-PC @ 172.16.107.17) (Contest Id: Default-2794034061787222006)
150918 174153.685|INFO|Thread-46|dumpPacket|    To: SERVER0 @ site 0
150918 174153.685|INFO|Thread-46|dumpPacket|   key: CLARIFICATION is: edu.csus.ecs.pc2.core.model.Clarification Clarification 3 ANSWERED from TEAM8 @ site 1 at 63 id=Clarification-6992991855777071376
150918 174153.686|INFO|Thread-46|dumpPacket|   key: CLIENT_ID is: edu.csus.ecs.pc2.core.model.ClientId JUDGE1 @ site 1
150918 174153.686|INFO|Thread-46|dumpPacket|   key: CLARIFICATION_ANSWER is: java.lang.String No response, read problem statement
150918 174153.686|INFO|Thread-46|info|handlePacket start Packet[CLARIFICATION_ANSWER_UPDATE] #1001 SERVER0 @ site 1 -> SERVER0 @ site 0
150918 174153.686|INFO|Thread-46|dumpPacket|Packet CLARIFICATION_ANSWER_UPDATE (Seq #1001 ) handlePacket
150918 174153.687|INFO|Thread-46|dumpPacket|  From: SERVER0 @ site 1 (dd-PC @ 172.16.107.17) (Contest Id: Default-2794034061787222006)
150918 174153.687|INFO|Thread-46|dumpPacket|    To: SERVER0 @ site 0
150918 174153.687|INFO|Thread-46|dumpPacket|   key: CLARIFICATION is: edu.csus.ecs.pc2.core.model.Clarification Clarification 3 ANSWERED from TEAM8 @ site 1 at 63 id=Clarification-6992991855777071376
150918 174153.687|INFO|Thread-46|dumpPacket|   key: CLIENT_ID is: edu.csus.ecs.pc2.core.model.ClientId JUDGE1 @ site 1
150918 174153.688|INFO|Thread-46|dumpPacket|   key: CLARIFICATION_ANSWER is: java.lang.String No response, read problem statement
150918 174156.416|INFO|Thread-47|info| receiveObject(S) start got Packet[CLARIFICATION_ANSWER_UPDATE] #1004 SERVER0 @ site 1 -> SERVER0 @ site 0
150918 174156.417|INFO|Thread-47|dumpPacket|Packet CLARIFICATION_ANSWER_UPDATE (Seq #1004 ) recieveObject
150918 174156.417|INFO|Thread-47|dumpPacket|  From: SERVER0 @ site 1 (dd-PC @ 172.16.107.17) (Contest Id: Default-2794034061787222006)
150918 174156.417|INFO|Thread-47|dumpPacket|    To: SERVER0 @ site 0
150918 174156.418|INFO|Thread-47|dumpPacket|   key: CLARIFICATION is: edu.csus.ecs.pc2.core.model.Clarification Clarification 4 ANSWERED from TEAM5 @ site 1 at 63 id=Clarification--4435256668883098741
150918 174156.418|INFO|Thread-47|dumpPacket|   key: CLIENT_ID is: edu.csus.ecs.pc2.core.model.ClientId JUDGE1 @ site 1
150918 174156.418|INFO|Thread-47|dumpPacket|   key: CLARIFICATION_ANSWER is: java.lang.String No response, read problem statement
150918 174156.418|INFO|Thread-47|info|handlePacket start Packet[CLARIFICATION_ANSWER_UPDATE] #1004 SERVER0 @ site 1 -> SERVER0 @ site 0
150918 174156.418|INFO|Thread-47|dumpPacket|Packet CLARIFICATION_ANSWER_UPDATE (Seq #1004 ) handlePacket
150918 174156.419|INFO|Thread-47|dumpPacket|  From: SERVER0 @ site 1 (dd-PC @ 172.16.107.17) (Contest Id: Default-2794034061787222006)
150918 174156.419|INFO|Thread-47|dumpPacket|    To: SERVER0 @ site 0
150918 174156.419|INFO|Thread-47|dumpPacket|   key: CLARIFICATION is: edu.csus.ecs.pc2.core.model.Clarification Clarification 4 ANSWERED from TEAM5 @ site 1 at 63 id=Clarification--4435256668883098741
150918 174156.419|INFO|Thread-47|dumpPacket|   key: CLIENT_ID is: edu.csus.ecs.pc2.core.model.ClientId JUDGE1 @ site 1
150918 174156.420|INFO|Thread-47|dumpPacket|   key: CLARIFICATION_ANSWER is: java.lang.String No response, read problem statement
150918 174159.223|INFO|Thread-48|info| receiveObject(S) start got Packet[CLARIFICATION_ANSWER_UPDATE] #1006 SERVER0 @ site 1 -> SERVER0 @ site 0
150918 174159.223|INFO|Thread-48|dumpPacket|Packet CLARIFICATION_ANSWER_UPDATE (Seq #1006 ) recieveObject
150918 174159.224|INFO|Thread-48|dumpPacket|  From: SERVER0 @ site 1 (dd-PC @ 172.16.107.17) (Contest Id: Default-2794034061787222006)
150918 174159.224|INFO|Thread-48|dumpPacket|    To: SERVER0 @ site 0
150918 174159.224|INFO|Thread-48|dumpPacket|   key: CLARIFICATION is: edu.csus.ecs.pc2.core.model.Clarification Clarification 5 ANSWERED from TEAM7 @ site 1 at 63 id=Clarification-1430379079024742394
150918 174159.224|INFO|Thread-48|dumpPacket|   key: CLIENT_ID is: edu.csus.ecs.pc2.core.model.ClientId JUDGE1 @ site 1
150918 174159.225|INFO|Thread-48|dumpPacket|   key: CLARIFICATION_ANSWER is: java.lang.String No response, read problem statement
150918 174159.225|INFO|Thread-48|info|handlePacket start Packet[CLARIFICATION_ANSWER_UPDATE] #1006 SERVER0 @ site 1 -> SERVER0 @ site 0
150918 174159.225|INFO|Thread-48|dumpPacket|Packet CLARIFICATION_ANSWER_UPDATE (Seq #1006 ) handlePacket
150918 174159.225|INFO|Thread-48|dumpPacket|  From: SERVER0 @ site 1 (dd-PC @ 172.16.107.17) (Contest Id: Default-2794034061787222006)
150918 174159.226|INFO|Thread-48|dumpPacket|    To: SERVER0 @ site 0
150918 174159.226|INFO|Thread-48|dumpPacket|   key: CLARIFICATION is: edu.csus.ecs.pc2.core.model.Clarification Clarification 5 ANSWERED from TEAM7 @ site 1 at 63 id=Clarification-1430379079024742394
150918 174159.226|INFO|Thread-48|dumpPacket|   key: CLIENT_ID is: edu.csus.ecs.pc2.core.model.ClientId JUDGE1 @ site 1
150918 174159.226|INFO|Thread-48|dumpPacket|   key: CLARIFICATION_ANSWER is: java.lang.String No response, read problem statement
150918 174201.650|INFO|Thread-49|info| receiveObject(S) start got Packet[CLARIFICATION_ANSWER_UPDATE] #1008 SERVER0 @ site 1 -> SERVER0 @ site 0
150918 174201.650|INFO|Thread-49|dumpPacket|Packet CLARIFICATION_ANSWER_UPDATE (Seq #1008 ) recieveObject
150918 174201.650|INFO|Thread-49|dumpPacket|  From: SERVER0 @ site 1 (dd-PC @ 172.16.107.17) (Contest Id: Default-2794034061787222006)
150918 174201.651|INFO|Thread-49|dumpPacket|    To: SERVER0 @ site 0
150918 174201.651|INFO|Thread-49|dumpPacket|   key: CLARIFICATION is: edu.csus.ecs.pc2.core.model.Clarification Clarification 6 ANSWERED from TEAM9 @ site 1 at 63 id=Clarification-8686463650627302359
150918 174201.651|INFO|Thread-49|dumpPacket|   key: CLIENT_ID is: edu.csus.ecs.pc2.core.model.ClientId JUDGE1 @ site 1
150918 174201.651|INFO|Thread-49|dumpPacket|   key: CLARIFICATION_ANSWER is: java.lang.String No response, read problem statement
150918 174201.652|INFO|Thread-49|info|handlePacket start Packet[CLARIFICATION_ANSWER_UPDATE] #1008 SERVER0 @ site 1 -> SERVER0 @ site 0
150918 174201.652|INFO|Thread-49|dumpPacket|Packet CLARIFICATION_ANSWER_UPDATE (Seq #1008 ) handlePacket
150918 174201.652|INFO|Thread-49|dumpPacket|  From: SERVER0 @ site 1 (dd-PC @ 172.16.107.17) (Contest Id: Default-2794034061787222006)
150918 174201.652|INFO|Thread-49|dumpPacket|    To: SERVER0 @ site 0
150918 174201.653|INFO|Thread-49|dumpPacket|   key: CLARIFICATION is: edu.csus.ecs.pc2.core.model.Clarification Clarification 6 ANSWERED from TEAM9 @ site 1 at 63 id=Clarification-8686463650627302359
150918 174201.653|INFO|Thread-49|dumpPacket|   key: CLIENT_ID is: edu.csus.ecs.pc2.core.model.ClientId JUDGE1 @ site 1
150918 174201.653|INFO|Thread-49|dumpPacket|   key: CLARIFICATION_ANSWER is: java.lang.String No response, read problem statement
150918 174216.752|INFO|Thread-49|info| receiveObject(S) end   got Packet[CLARIFICATION_ANSWER_UPDATE] #1008 SERVER0 @ site 1 -> SERVER0 @ site 0
150918 174217.416|INFO|Thread-48|info| receiveObject(S) end   got Packet[CLARIFICATION_ANSWER_UPDATE] #1006 SERVER0 @ site 1 -> SERVER0 @ site 0
150918 174217.799|INFO|Thread-47|info| receiveObject(S) end   got Packet[CLARIFICATION_ANSWER_UPDATE] #1004 SERVER0 @ site 1 -> SERVER0 @ site 0
150918 174217.967|INFO|Thread-46|info| receiveObject(S) end   got Packet[CLARIFICATION_ANSWER_UPDATE] #1001 SERVER0 @ site 1 -> SERVER0 @ site 0
150918 174220.720|INFO|Thread-50|info| receiveObject(S) start got Packet[CLARIFICATION_ANSWER_UPDATE] #1012 SERVER0 @ site 1 -> SERVER0 @ site 0
150918 174220.720|INFO|Thread-50|dumpPacket|Packet CLARIFICATION_ANSWER_UPDATE (Seq #1012 ) recieveObject
150918 174220.721|INFO|Thread-50|dumpPacket|  From: SERVER0 @ site 1 (dd-PC @ 172.16.107.17) (Contest Id: Default-2794034061787222006)
150918 174220.721|INFO|Thread-50|dumpPacket|    To: SERVER0 @ site 0
150918 174220.721|INFO|Thread-50|dumpPacket|   key: CLARIFICATION is: edu.csus.ecs.pc2.core.model.Clarification Clarification 7 ANSWERED from TEAM4 @ site 1 at 63 id=Clarification--1755156301832006752
150918 174220.721|INFO|Thread-50|dumpPacket|   key: CLIENT_ID is: edu.csus.ecs.pc2.core.model.ClientId JUDGE1 @ site 1
150918 174220.721|INFO|Thread-50|dumpPacket|   key: CLARIFICATION_ANSWER is: java.lang.String No response, read problem statement
150918 174220.722|INFO|Thread-50|info|handlePacket start Packet[CLARIFICATION_ANSWER_UPDATE] #1012 SERVER0 @ site 1 -> SERVER0 @ site 0
150918 174220.722|INFO|Thread-50|dumpPacket|Packet CLARIFICATION_ANSWER_UPDATE (Seq #1012 ) handlePacket
150918 174220.722|INFO|Thread-50|dumpPacket|  From: SERVER0 @ site 1 (dd-PC @ 172.16.107.17) (Contest Id: Default-2794034061787222006)
150918 174220.722|INFO|Thread-50|dumpPacket|    To: SERVER0 @ site 0
150918 174220.723|INFO|Thread-50|dumpPacket|   key: CLARIFICATION is: edu.csus.ecs.pc2.core.model.Clarification Clarification 7 ANSWERED from TEAM4 @ site 1 at 63 id=Clarification--1755156301832006752
150918 174220.723|INFO|Thread-50|dumpPacket|   key: CLIENT_ID is: edu.csus.ecs.pc2.core.model.ClientId JUDGE1 @ site 1
150918 174220.723|INFO|Thread-50|dumpPacket|   key: CLARIFICATION_ANSWER is: java.lang.String No response, read problem statement
150918 174223.294|INFO|Thread-51|info| receiveObject(S) start got Packet[CLARIFICATION_ANSWER_UPDATE] #1014 SERVER0 @ site 1 -> SERVER0 @ site 0
150918 174223.294|INFO|Thread-51|dumpPacket|Packet CLARIFICATION_ANSWER_UPDATE (Seq #1014 ) recieveObject
150918 174223.295|INFO|Thread-51|dumpPacket|  From: SERVER0 @ site 1 (dd-PC @ 172.16.107.17) (Contest Id: Default-2794034061787222006)
150918 174223.295|INFO|Thread-51|dumpPacket|    To: SERVER0 @ site 0
150918 174223.295|INFO|Thread-51|dumpPacket|   key: CLARIFICATION is: edu.csus.ecs.pc2.core.model.Clarification Clarification 8 ANSWERED from TEAM14 @ site 1 at 64 id=Clarification-8741962668919788417
150918 174223.299|INFO|Thread-51|dumpPacket|   key: CLIENT_ID is: edu.csus.ecs.pc2.core.model.ClientId JUDGE1 @ site 1
150918 174223.299|INFO|Thread-51|dumpPacket|   key: CLARIFICATION_ANSWER is: java.lang.String No response, read problem statement
150918 174223.299|INFO|Thread-51|info|handlePacket start Packet[CLARIFICATION_ANSWER_UPDATE] #1014 SERVER0 @ site 1 -> SERVER0 @ site 0
150918 174223.300|INFO|Thread-51|dumpPacket|Packet CLARIFICATION_ANSWER_UPDATE (Seq #1014 ) handlePacket
150918 174223.300|INFO|Thread-51|dumpPacket|  From: SERVER0 @ site 1 (dd-PC @ 172.16.107.17) (Contest Id: Default-2794034061787222006)
150918 174223.300|INFO|Thread-51|dumpPacket|    To: SERVER0 @ site 0
150918 174223.300|INFO|Thread-51|dumpPacket|   key: CLARIFICATION is: edu.csus.ecs.pc2.core.model.Clarification Clarification 8 ANSWERED from TEAM14 @ site 1 at 64 id=Clarification-8741962668919788417
150918 174223.301|INFO|Thread-51|dumpPacket|   key: CLIENT_ID is: edu.csus.ecs.pc2.core.model.ClientId JUDGE1 @ site 1
150918 174223.301|INFO|Thread-51|dumpPacket|   key: CLARIFICATION_ANSWER is: java.lang.String No response, read problem statement
150918 174254.632|INFO|Thread-51|info| receiveObject(S) end   got Packet[CLARIFICATION_ANSWER_UPDATE] #1014 SERVER0 @ site 1 -> SERVER0 @ site 0
150918 174255.303|INFO|Thread-50|info| receiveObject(S) end   got Packet[CLARIFICATION_ANSWER_UPDATE] #1012 SERVER0 @ site 1 -> SERVER0 @ site 0
150918 174301.133|INFO|Thread-52|info| receiveObject(S) start got Packet[CLARIFICATION_ANSWER_UPDATE] #1019 SERVER0 @ site 1 -> SERVER0 @ site 0
150918 174301.135|INFO|Thread-52|dumpPacket|Packet CLARIFICATION_ANSWER_UPDATE (Seq #1019 ) recieveObject
150918 174301.137|INFO|Thread-52|dumpPacket|  From: SERVER0 @ site 1 (dd-PC @ 172.16.107.17) (Contest Id: Default-2794034061787222006)
150918 174301.139|INFO|Thread-52|dumpPacket|    To: SERVER0 @ site 0
150918 174301.141|INFO|Thread-52|dumpPacket|   key: CLARIFICATION is: edu.csus.ecs.pc2.core.model.Clarification Clarification 9 ANSWERED from TEAM18 @ site 1 at 64 id=Clarification--7642296987345375777
150918 174301.142|INFO|Thread-52|dumpPacket|   key: CLIENT_ID is: edu.csus.ecs.pc2.core.model.ClientId JUDGE1 @ site 1
150918 174301.142|INFO|Thread-52|dumpPacket|   key: CLARIFICATION_ANSWER is: java.lang.String No response, read problem statement
150918 174301.142|INFO|Thread-52|info|handlePacket start Packet[CLARIFICATION_ANSWER_UPDATE] #1019 SERVER0 @ site 1 -> SERVER0 @ site 0
150918 174301.143|INFO|Thread-52|dumpPacket|Packet CLARIFICATION_ANSWER_UPDATE (Seq #1019 ) handlePacket
150918 174301.143|INFO|Thread-52|dumpPacket|  From: SERVER0 @ site 1 (dd-PC @ 172.16.107.17) (Contest Id: Default-2794034061787222006)
150918 174301.143|INFO|Thread-52|dumpPacket|    To: SERVER0 @ site 0
150918 174301.143|INFO|Thread-52|dumpPacket|   key: CLARIFICATION is: edu.csus.ecs.pc2.core.model.Clarification Clarification 9 ANSWERED from TEAM18 @ site 1 at 64 id=Clarification--7642296987345375777
150918 174301.143|INFO|Thread-52|dumpPacket|   key: CLIENT_ID is: edu.csus.ecs.pc2.core.model.ClientId JUDGE1 @ site 1
150918 174301.144|INFO|Thread-52|dumpPacket|   key: CLARIFICATION_ANSWER is: java.lang.String No response, read problem statement
150918 174303.723|INFO|Thread-53|info| receiveObject(S) start got Packet[CLARIFICATION_ANSWER_UPDATE] #1021 SERVER0 @ site 1 -> SERVER0 @ site 0
150918 174303.723|INFO|Thread-53|dumpPacket|Packet CLARIFICATION_ANSWER_UPDATE (Seq #1021 ) recieveObject
150918 174303.723|INFO|Thread-53|dumpPacket|  From: SERVER0 @ site 1 (dd-PC @ 172.16.107.17) (Contest Id: Default-2794034061787222006)
150918 174303.724|INFO|Thread-53|dumpPacket|    To: SERVER0 @ site 0
150918 174303.724|INFO|Thread-53|dumpPacket|   key: CLARIFICATION is: edu.csus.ecs.pc2.core.model.Clarification Clarification 10 ANSWERED from TEAM7 @ site 1 at 64 id=Clarification--1379992944042733177
150918 174303.724|INFO|Thread-53|dumpPacket|   key: CLIENT_ID is: edu.csus.ecs.pc2.core.model.ClientId JUDGE1 @ site 1
150918 174303.724|INFO|Thread-53|dumpPacket|   key: CLARIFICATION_ANSWER is: java.lang.String No response, read problem statement
150918 174303.724|INFO|Thread-53|info|handlePacket start Packet[CLARIFICATION_ANSWER_UPDATE] #1021 SERVER0 @ site 1 -> SERVER0 @ site 0
150918 174303.725|INFO|Thread-53|dumpPacket|Packet CLARIFICATION_ANSWER_UPDATE (Seq #1021 ) handlePacket
150918 174303.725|INFO|Thread-53|dumpPacket|  From: SERVER0 @ site 1 (dd-PC @ 172.16.107.17) (Contest Id: Default-2794034061787222006)
150918 174303.725|INFO|Thread-53|dumpPacket|    To: SERVER0 @ site 0
150918 174303.725|INFO|Thread-53|dumpPacket|   key: CLARIFICATION is: edu.csus.ecs.pc2.core.model.Clarification Clarification 10 ANSWERED from TEAM7 @ site 1 at 64 id=Clarification--1379992944042733177
150918 174303.725|INFO|Thread-53|dumpPacket|   key: CLIENT_ID is: edu.csus.ecs.pc2.core.model.ClientId JUDGE1 @ site 1
150918 174303.726|INFO|Thread-53|dumpPacket|   key: CLARIFICATION_ANSWER is: java.lang.String No response, read problem statement
150918 174306.976|INFO|Thread-54|info| receiveObject(S) start got Packet[CLARIFICATION_ANSWER_UPDATE] #1023 SERVER0 @ site 1 -> SERVER0 @ site 0
150918 174306.978|INFO|Thread-54|dumpPacket|Packet CLARIFICATION_ANSWER_UPDATE (Seq #1023 ) recieveObject
150918 174306.979|INFO|Thread-54|dumpPacket|  From: SERVER0 @ site 1 (dd-PC @ 172.16.107.17) (Contest Id: Default-2794034061787222006)
150918 174306.979|INFO|Thread-54|dumpPacket|    To: SERVER0 @ site 0
150918 174306.979|INFO|Thread-54|dumpPacket|   key: CLARIFICATION is: edu.csus.ecs.pc2.core.model.Clarification Clarification 11 ANSWERED from TEAM11 @ site 1 at 64 id=Clarification-399375233797252757
150918 174306.980|INFO|Thread-54|dumpPacket|   key: CLIENT_ID is: edu.csus.ecs.pc2.core.model.ClientId JUDGE1 @ site 1
150918 174306.980|INFO|Thread-54|dumpPacket|   key: CLARIFICATION_ANSWER is: java.lang.String No response, read problem statement
150918 174306.980|INFO|Thread-54|info|handlePacket start Packet[CLARIFICATION_ANSWER_UPDATE] #1023 SERVER0 @ site 1 -> SERVER0 @ site 0
150918 174306.980|INFO|Thread-54|dumpPacket|Packet CLARIFICATION_ANSWER_UPDATE (Seq #1023 ) handlePacket
150918 174306.980|INFO|Thread-54|dumpPacket|  From: SERVER0 @ site 1 (dd-PC @ 172.16.107.17) (Contest Id: Default-2794034061787222006)
150918 174306.981|INFO|Thread-54|dumpPacket|    To: SERVER0 @ site 0
150918 174306.981|INFO|Thread-54|dumpPacket|   key: CLARIFICATION is: edu.csus.ecs.pc2.core.model.Clarification Clarification 11 ANSWERED from TEAM11 @ site 1 at 64 id=Clarification-399375233797252757
150918 174306.981|INFO|Thread-54|dumpPacket|   key: CLIENT_ID is: edu.csus.ecs.pc2.core.model.ClientId JUDGE1 @ site 1
150918 174306.981|INFO|Thread-54|dumpPacket|   key: CLARIFICATION_ANSWER is: java.lang.String No response, read problem statement
150918 174307.312|INFO|Thread-54|info| receiveObject(S) end   got Packet[CLARIFICATION_ANSWER_UPDATE] #1023 SERVER0 @ site 1 -> SERVER0 @ site 0
150918 174307.888|INFO|Thread-53|info| receiveObject(S) end   got Packet[CLARIFICATION_ANSWER_UPDATE] #1021 SERVER0 @ site 1 -> SERVER0 @ site 0
150918 174308.311|INFO|Thread-52|info| receiveObject(S) end   got Packet[CLARIFICATION_ANSWER_UPDATE] #1019 SERVER0 @ site 1 -> SERVER0 @ site 0
150918 175126.452|INFO|Thread-55|info| receiveObject(S) start got Packet[CLOCK_STOPPED] #1042 SERVER0 @ site 1 -> SERVER0 @ site 0
150918 175126.452|INFO|Thread-55|dumpPacket|Packet CLOCK_STOPPED (Seq #1042 ) recieveObject
150918 175126.452|INFO|Thread-55|dumpPacket|  From: SERVER0 @ site 1 (dd-PC @ 172.16.107.17) (Contest Id: Default-2794034061787222006)
150918 175126.453|INFO|Thread-55|dumpPacket|    To: SERVER0 @ site 0
150918 175126.453|INFO|Thread-55|dumpPacket|   key: SITE_NUMBER is: java.lang.Integer 1
150918 175126.453|INFO|Thread-55|dumpPacket|   key: CLIENT_ID is: edu.csus.ecs.pc2.core.model.ClientId ADMINISTRATOR1 @ site 1
150918 175126.453|INFO|Thread-55|info|handlePacket start Packet[CLOCK_STOPPED] #1042 SERVER0 @ site 1 -> SERVER0 @ site 0
150918 175126.453|INFO|Thread-55|dumpPacket|Packet CLOCK_STOPPED (Seq #1042 ) handlePacket
150918 175126.454|INFO|Thread-55|dumpPacket|  From: SERVER0 @ site 1 (dd-PC @ 172.16.107.17) (Contest Id: Default-2794034061787222006)
150918 175126.454|INFO|Thread-55|dumpPacket|    To: SERVER0 @ site 0
150918 175126.456|INFO|Thread-55|dumpPacket|   key: SITE_NUMBER is: java.lang.Integer 1
150918 175126.456|INFO|Thread-55|dumpPacket|   key: CLIENT_ID is: edu.csus.ecs.pc2.core.model.ClientId ADMINISTRATOR1 @ site 1
150918 175126.456|INFO|Thread-55|contestStopped|debug ContestTime site 1 STOPPED 1:13:13
150918 175126.457|INFO|Thread-55|info|Clock for site 1 stopped by ADMINISTRATOR1 @ site 1 elapsed 1:13:13
150918 175126.457|INFO|Thread-55|info| receiveObject(S) end   got Packet[CLOCK_STOPPED] #1042 SERVER0 @ site 1 -> SERVER0 @ site 0
150918 175136.514|INFO|Thread-56|info| receiveObject(S) start got Packet[CLARIFICATION_ANSWER_UPDATE] #1046 SERVER0 @ site 1 -> SERVER0 @ site 0
150918 175136.514|INFO|Thread-56|dumpPacket|Packet CLARIFICATION_ANSWER_UPDATE (Seq #1046 ) recieveObject
150918 175136.514|INFO|Thread-56|dumpPacket|  From: SERVER0 @ site 1 (dd-PC @ 172.16.107.17) (Contest Id: Default-2794034061787222006)
150918 175136.514|INFO|Thread-56|dumpPacket|    To: SERVER0 @ site 0
150918 175136.515|INFO|Thread-56|dumpPacket|   key: CLARIFICATION is: edu.csus.ecs.pc2.core.model.Clarification Clarification 12 ANSWERED from TEAM14 @ site 1 at 65 id=Clarification-448317159259112795
150918 175136.515|INFO|Thread-56|dumpPacket|   key: CLIENT_ID is: edu.csus.ecs.pc2.core.model.ClientId JUDGE1 @ site 1
150918 175136.515|INFO|Thread-56|dumpPacket|   key: CLARIFICATION_ANSWER is: java.lang.String No response, read problem statement
150918 175136.515|INFO|Thread-56|info|handlePacket start Packet[CLARIFICATION_ANSWER_UPDATE] #1046 SERVER0 @ site 1 -> SERVER0 @ site 0
150918 175136.515|INFO|Thread-56|dumpPacket|Packet CLARIFICATION_ANSWER_UPDATE (Seq #1046 ) handlePacket
150918 175136.516|INFO|Thread-56|dumpPacket|  From: SERVER0 @ site 1 (dd-PC @ 172.16.107.17) (Contest Id: Default-2794034061787222006)
150918 175136.516|INFO|Thread-56|dumpPacket|    To: SERVER0 @ site 0
150918 175136.516|INFO|Thread-56|dumpPacket|   key: CLARIFICATION is: edu.csus.ecs.pc2.core.model.Clarification Clarification 12 ANSWERED from TEAM14 @ site 1 at 65 id=Clarification-448317159259112795
150918 175136.517|INFO|Thread-56|dumpPacket|   key: CLIENT_ID is: edu.csus.ecs.pc2.core.model.ClientId JUDGE1 @ site 1
150918 175136.517|INFO|Thread-56|dumpPacket|   key: CLARIFICATION_ANSWER is: java.lang.String No response, read problem statement
150918 175142.412|INFO|Thread-56|info| receiveObject(S) end   got Packet[CLARIFICATION_ANSWER_UPDATE] #1046 SERVER0 @ site 1 -> SERVER0 @ site 0
150918 175153.877|INFO|Thread-1|info|connectionDropped: shutting down TEAM1 @ site 1
